Using pre-set license
Built from '2020.2/release' branch; Version is '2020.2.1f1 (270dd8c3da1c) revision 2559448'; Using compiler version '192528614'; Build Type 'Release'
OS: 'Windows 10  (10.0.0) 64bit' Language: 'en' Physical Memory: 8006 MB
BatchMode: 1, IsHumanControllingUs: 0, StartBugReporterOnCrash: 0, Is64bit: 1, IsPro: 0

 COMMAND LINE ARGUMENTS:
C:\Program Files\Unity\Hub\Editor\2020.2.1f1\Editor\Unity.exe
-adb2
-batchMode
-noUpm
-name
AssetImportWorker0
-projectPath
C:/Users/shiva/Downloads/Hackathons/HackDemonium
-logFile
Logs/AssetImportWorker0.log
-srvPort
62752
Successfully changed project path to: C:/Users/shiva/Downloads/Hackathons/HackDemonium
C:/Users/shiva/Downloads/Hackathons/HackDemonium
Using Asset Import Pipeline V2.
Refreshing native plugins compatible for Editor in 55.38 ms, found 1 plugins.
Preloading 1 native plugins for Editor in 0.90 ms.
Initialize engine version: 2020.2.1f1 (270dd8c3da1c)
[Subsystems] Discovering subsystems at path C:/Program Files/Unity/Hub/Editor/2020.2.1f1/Editor/Data/Resources/UnitySubsystems
[Subsystems] Discovering subsystems at path C:/Users/shiva/Downloads/Hackathons/HackDemonium/Assets
GfxDevice: creating device client; threaded=0
Direct3D:
    Version:  Direct3D 11.0 [level 11.1]
    Renderer: Intel(R) UHD Graphics 620 (ID=0x3ea0)
    Vendor:   
    VRAM:     4003 MB
    Driver:   26.20.100.7810
Initialize mono
Mono path[0] = 'C:/Program Files/Unity/Hub/Editor/2020.2.1f1/Editor/Data/Managed'
Mono path[1] = 'C:/Program Files/Unity/Hub/Editor/2020.2.1f1/Editor/Data/MonoBleedingEdge/lib/mono/unityjit'
Mono config path = 'C:/Program Files/Unity/Hub/Editor/2020.2.1f1/Editor/Data/MonoBleedingEdge/etc'
Using monoOptions --debugger-agent=transport=dt_socket,embedding=1,server=y,suspend=n,address=127.0.0.1:56440
Begin MonoManager ReloadAssembly
Registering precompiled unity dll's ...
Register platform support module: C:/Program Files/Unity/Hub/Editor/2020.2.1f1/Editor/Data/PlaybackEngines/WindowsStandaloneSupport/UnityEditor.WindowsStandalone.Extensions.dll
Registered in 0.002015 seconds.
Native extension for WindowsStandalone target not found
Refreshing native plugins compatible for Editor in 30.55 ms, found 1 plugins.
Preloading 1 native plugins for Editor in 0.10 ms.
Invoked RoslynAnalysisRunner static constructor.
RoslynAnalysisRunner will not be running.
RoslynAnalysisRunner has terminated.
Mono: successfully reloaded assembly
- Completed reload, in  2.830 seconds
Platform modules already initialized, skipping
Registering precompiled user dll's ...
Registered in 0.003138 seconds.
Begin MonoManager ReloadAssembly
Native extension for WindowsStandalone target not found
Refreshing native plugins compatible for Editor in 31.70 ms, found 1 plugins.
Preloading 1 native plugins for Editor in 0.11 ms.
Invoked RoslynAnalysisRunner static constructor.
RoslynAnalysisRunner will not be running.
RoslynAnalysisRunner has terminated.
Mono: successfully reloaded assembly
- Completed reload, in  0.948 seconds
Platform modules already initialized, skipping
========================================================================
Worker process is ready to serve import requests
Launched and connected shader compiler UnityShaderCompiler.exe after 0.50 seconds
Refreshing native plugins compatible for Editor in 0.81 ms, found 1 plugins.
Preloading 1 native plugins for Editor in 0.18 ms.
Unloading 1609 Unused Serialized files (Serialized files now loaded: 0)
System memory in use before: 76.8 MB.
System memory in use after: 76.5 MB.

Unloading 24 unused Assets to reduce memory usage. Loaded Objects now: 2038.
Total: 2.878100 ms (FindLiveObjects: 0.304400 ms CreateObjectMapping: 0.093500 ms MarkObjects: 1.970200 ms  DeleteObjects: 0.508900 ms)

========================================================================
Received Import Request.
  path: Assets/Scenes/Login Screen.unity
  artifactKey: Guid(9fc0d4010bbf28b4594072e72b8655ab) Importer(815301076,1909f56bfc062723c751e8b465ee728b)
Start importing Assets/Scenes/Login Screen.unity using Guid(9fc0d4010bbf28b4594072e72b8655ab) Importer(815301076,1909f56bfc062723c751e8b465ee728b)  -> (artifact id: '57b75a6988d67371a63b02b6656173ab') in 0.121382 seconds
  Import took 0.186878 seconds .

========================================================================
Received Prepare
Registering precompiled user dll's ...
Registered in 0.003915 seconds.
Begin MonoManager ReloadAssembly
Native extension for WindowsStandalone target not found
Refreshing native plugins compatible for Editor in 0.62 ms, found 1 plugins.
Preloading 1 native plugins for Editor in 0.37 ms.
Invoked RoslynAnalysisRunner static constructor.
RoslynAnalysisRunner will not be running.
RoslynAnalysisRunner has terminated.
Mono: successfully reloaded assembly
- Completed reload, in  5.145 seconds
Platform modules already initialized, skipping
Refreshing native plugins compatible for Editor in 4.55 ms, found 1 plugins.
Preloading 1 native plugins for Editor in 1.10 ms.
Unloading 1580 Unused Serialized files (Serialized files now loaded: 0)
System memory in use before: 75.4 MB.
System memory in use after: 75.1 MB.

Unloading 19 unused Assets to reduce memory usage. Loaded Objects now: 2040.
Total: 13.091900 ms (FindLiveObjects: 0.260000 ms CreateObjectMapping: 0.337100 ms MarkObjects: 10.822800 ms  DeleteObjects: 1.665600 ms)

========================================================================
Received Prepare
Registering precompiled user dll's ...
Registered in 0.003234 seconds.
Begin MonoManager ReloadAssembly
Native extension for WindowsStandalone target not found
Refreshing native plugins compatible for Editor in 0.38 ms, found 1 plugins.
Preloading 1 native plugins for Editor in 0.11 ms.
Invoked RoslynAnalysisRunner static constructor.
RoslynAnalysisRunner will not be running.
RoslynAnalysisRunner has terminated.
Mono: successfully reloaded assembly
- Completed reload, in  0.886 seconds
Platform modules already initialized, skipping
Refreshing native plugins compatible for Editor in 0.39 ms, found 1 plugins.
Preloading 1 native plugins for Editor in 0.07 ms.
Unloading 1580 Unused Serialized files (Serialized files now loaded: 0)
System memory in use before: 75.5 MB.
System memory in use after: 75.2 MB.

Unloading 19 unused Assets to reduce memory usage. Loaded Objects now: 2042.
Total: 2.455200 ms (FindLiveObjects: 0.163800 ms CreateObjectMapping: 0.046900 ms MarkObjects: 1.691900 ms  DeleteObjects: 0.551500 ms)

========================================================================
Received Prepare
Registering precompiled user dll's ...
Registered in 0.015246 seconds.
Begin MonoManager ReloadAssembly
Native extension for WindowsStandalone target not found
Refreshing native plugins compatible for Editor in 1.93 ms, found 1 plugins.
Preloading 1 native plugins for Editor in 0.75 ms.
Invoked RoslynAnalysisRunner static constructor.
RoslynAnalysisRunner will not be running.
RoslynAnalysisRunner has terminated.
Mono: successfully reloaded assembly
- Completed reload, in  2.716 seconds
Platform modules already initialized, skipping
Refreshing native plugins compatible for Editor in 1.14 ms, found 1 plugins.
Preloading 1 native plugins for Editor in 0.18 ms.
Unloading 1580 Unused Serialized files (Serialized files now loaded: 0)
System memory in use before: 76.3 MB.
System memory in use after: 76.0 MB.

Unloading 19 unused Assets to reduce memory usage. Loaded Objects now: 2044.
Total: 8.023200 ms (FindLiveObjects: 1.652200 ms CreateObjectMapping: 0.735800 ms MarkObjects: 4.725700 ms  DeleteObjects: 0.900700 ms)

========================================================================
Received Prepare
Registering precompiled user dll's ...
Registered in 0.014427 seconds.
Begin MonoManager ReloadAssembly
Native extension for WindowsStandalone target not found
Refreshing native plugins compatible for Editor in 0.41 ms, found 1 plugins.
Preloading 1 native plugins for Editor in 0.11 ms.
Invoked RoslynAnalysisRunner static constructor.
RoslynAnalysisRunner will not be running.
RoslynAnalysisRunner has terminated.
Mono: successfully reloaded assembly
- Completed reload, in  0.889 seconds
Platform modules already initialized, skipping
Refreshing native plugins compatible for Editor in 0.39 ms, found 1 plugins.
Preloading 1 native plugins for Editor in 0.07 ms.
Unloading 1580 Unused Serialized files (Serialized files now loaded: 0)
System memory in use before: 76.5 MB.
System memory in use after: 76.2 MB.

Unloading 19 unused Assets to reduce memory usage. Loaded Objects now: 2046.
Total: 2.624200 ms (FindLiveObjects: 0.187900 ms CreateObjectMapping: 0.056800 ms MarkObjects: 1.853600 ms  DeleteObjects: 0.525100 ms)

========================================================================
Received Prepare
Registering precompiled user dll's ...
Registered in 0.003230 seconds.
Begin MonoManager ReloadAssembly
Native extension for WindowsStandalone target not found
Refreshing native plugins compatible for Editor in 0.39 ms, found 1 plugins.
Preloading 1 native plugins for Editor in 0.09 ms.
Invoked RoslynAnalysisRunner static constructor.
RoslynAnalysisRunner will not be running.
RoslynAnalysisRunner has terminated.
Mono: successfully reloaded assembly
- Completed reload, in  0.835 seconds
Platform modules already initialized, skipping
Refreshing native plugins compatible for Editor in 0.41 ms, found 1 plugins.
Preloading 1 native plugins for Editor in 0.09 ms.
Unloading 1580 Unused Serialized files (Serialized files now loaded: 0)
System memory in use before: 76.3 MB.
System memory in use after: 76.0 MB.

Unloading 19 unused Assets to reduce memory usage. Loaded Objects now: 2048.
Total: 2.574300 ms (FindLiveObjects: 0.205600 ms CreateObjectMapping: 0.062900 ms MarkObjects: 1.740700 ms  DeleteObjects: 0.563700 ms)

========================================================================
Received Prepare
Registering precompiled user dll's ...
Registered in 0.005331 seconds.
Begin MonoManager ReloadAssembly
Native extension for WindowsStandalone target not found
Refreshing native plugins compatible for Editor in 0.38 ms, found 1 plugins.
Preloading 1 native plugins for Editor in 0.08 ms.
Invoked RoslynAnalysisRunner static constructor.
RoslynAnalysisRunner will not be running.
RoslynAnalysisRunner has terminated.
Mono: successfully reloaded assembly
- Completed reload, in  0.897 seconds
Platform modules already initialized, skipping
Refreshing native plugins compatible for Editor in 0.37 ms, found 1 plugins.
Preloading 1 native plugins for Editor in 0.08 ms.
Unloading 1580 Unused Serialized files (Serialized files now loaded: 0)
System memory in use before: 76.6 MB.
System memory in use after: 76.2 MB.

Unloading 19 unused Assets to reduce memory usage. Loaded Objects now: 2050.
Total: 2.506100 ms (FindLiveObjects: 0.176200 ms CreateObjectMapping: 0.060700 ms MarkObjects: 1.723600 ms  DeleteObjects: 0.544200 ms)

========================================================================
Received Prepare
Registering precompiled user dll's ...
Registered in 0.003657 seconds.
Begin MonoManager ReloadAssembly
Native extension for WindowsStandalone target not found
Refreshing native plugins compatible for Editor in 0.70 ms, found 1 plugins.
Preloading 1 native plugins for Editor in 0.11 ms.
Invoked RoslynAnalysisRunner static constructor.
RoslynAnalysisRunner will not be running.
RoslynAnalysisRunner has terminated.
Mono: successfully reloaded assembly
- Completed reload, in  0.830 seconds
Platform modules already initialized, skipping
Refreshing native plugins compatible for Editor in 0.42 ms, found 1 plugins.
Preloading 1 native plugins for Editor in 0.10 ms.
Unloading 1580 Unused Serialized files (Serialized files now loaded: 0)
System memory in use before: 76.2 MB.
System memory in use after: 75.9 MB.

Unloading 19 unused Assets to reduce memory usage. Loaded Objects now: 2052.
Total: 3.033700 ms (FindLiveObjects: 0.237600 ms CreateObjectMapping: 0.068500 ms MarkObjects: 1.981400 ms  DeleteObjects: 0.744700 ms)

========================================================================
Received Import Request.
  Time since last request: 1373.244801 seconds.
  path: Assets/Assets/login_background.png
  artifactKey: Guid(70735bddbbefdb246b59f31c6c5acef8) Importer(815301076,1909f56bfc062723c751e8b465ee728b)
Start importing Assets/Assets/login_background.png using Guid(70735bddbbefdb246b59f31c6c5acef8) Importer(815301076,1909f56bfc062723c751e8b465ee728b)  -> (artifact id: 'bca5d6ce87e599f2deda5b4a678ba466') in 0.450476 seconds
  Import took 0.518840 seconds .

========================================================================
Received Import Request.
  Time since last request: 13.918599 seconds.
  path: Assets/Assets/login_background.png
  artifactKey: Guid(70735bddbbefdb246b59f31c6c5acef8) Importer(815301076,1909f56bfc062723c751e8b465ee728b)
Start importing Assets/Assets/login_background.png using Guid(70735bddbbefdb246b59f31c6c5acef8) Importer(815301076,1909f56bfc062723c751e8b465ee728b)  -> (artifact id: '929270a7e3f3d7cf28f0f36a59a9d72b') in 0.089978 seconds
  Import took 0.145328 seconds .

========================================================================
Received Prepare
Registering precompiled user dll's ...
Registered in 0.003401 seconds.
Begin MonoManager ReloadAssembly
Native extension for WindowsStandalone target not found
Refreshing native plugins compatible for Editor in 0.76 ms, found 1 plugins.
Preloading 1 native plugins for Editor in 0.41 ms.
Invoked RoslynAnalysisRunner static constructor.
RoslynAnalysisRunner will not be running.
RoslynAnalysisRunner has terminated.
Mono: successfully reloaded assembly
- Completed reload, in  2.279 seconds
Platform modules already initialized, skipping
Refreshing native plugins compatible for Editor in 0.59 ms, found 1 plugins.
Preloading 1 native plugins for Editor in 0.13 ms.
Unloading 1580 Unused Serialized files (Serialized files now loaded: 0)
System memory in use before: 79.6 MB.
System memory in use after: 79.3 MB.

Unloading 19 unused Assets to reduce memory usage. Loaded Objects now: 2061.
Total: 5.903900 ms (FindLiveObjects: 0.309300 ms CreateObjectMapping: 0.101100 ms MarkObjects: 2.868300 ms  DeleteObjects: 2.619900 ms)

========================================================================
Received Prepare
Registering precompiled user dll's ...
Registered in 0.012092 seconds.
Begin MonoManager ReloadAssembly
Native extension for WindowsStandalone target not found
Refreshing native plugins compatible for Editor in 0.48 ms, found 1 plugins.
Preloading 1 native plugins for Editor in 0.12 ms.
Invoked RoslynAnalysisRunner static constructor.
RoslynAnalysisRunner will not be running.
RoslynAnalysisRunner has terminated.
Mono: successfully reloaded assembly
- Completed reload, in  2.643 seconds
Platform modules already initialized, skipping
Refreshing native plugins compatible for Editor in 0.42 ms, found 1 plugins.
Preloading 1 native plugins for Editor in 0.07 ms.
Unloading 1580 Unused Serialized files (Serialized files now loaded: 0)
System memory in use before: 79.2 MB.
System memory in use after: 78.9 MB.

Unloading 19 unused Assets to reduce memory usage. Loaded Objects now: 2063.
Total: 2.285500 ms (FindLiveObjects: 0.198200 ms CreateObjectMapping: 0.053800 ms MarkObjects: 1.472800 ms  DeleteObjects: 0.559600 ms)

========================================================================
Received Prepare
Registering precompiled user dll's ...
Registered in 0.004245 seconds.
Begin MonoManager ReloadAssembly
Native extension for WindowsStandalone target not found
Refreshing native plugins compatible for Editor in 0.40 ms, found 1 plugins.
Preloading 1 native plugins for Editor in 0.11 ms.
Invoked RoslynAnalysisRunner static constructor.
RoslynAnalysisRunner will not be running.
RoslynAnalysisRunner has terminated.
Mono: successfully reloaded assembly
- Completed reload, in  0.868 seconds
Platform modules already initialized, skipping
Refreshing native plugins compatible for Editor in 0.41 ms, found 1 plugins.
Preloading 1 native plugins for Editor in 0.08 ms.
Unloading 1580 Unused Serialized files (Serialized files now loaded: 0)
System memory in use before: 79.7 MB.
System memory in use after: 79.3 MB.

Unloading 19 unused Assets to reduce memory usage. Loaded Objects now: 2065.
Total: 2.843200 ms (FindLiveObjects: 0.252500 ms CreateObjectMapping: 0.074100 ms MarkObjects: 1.910200 ms  DeleteObjects: 0.605400 ms)

========================================================================
Received Prepare
Registering precompiled user dll's ...
Registered in 0.003407 seconds.
Begin MonoManager ReloadAssembly
Native extension for WindowsStandalone target not found
Refreshing native plugins compatible for Editor in 0.38 ms, found 1 plugins.
Preloading 1 native plugins for Editor in 0.09 ms.
Invoked RoslynAnalysisRunner static constructor.
RoslynAnalysisRunner will not be running.
RoslynAnalysisRunner has terminated.
Mono: successfully reloaded assembly
- Completed reload, in  0.914 seconds
Platform modules already initialized, skipping
Refreshing native plugins compatible for Editor in 0.37 ms, found 1 plugins.
Preloading 1 native plugins for Editor in 0.08 ms.
Unloading 1580 Unused Serialized files (Serialized files now loaded: 0)
System memory in use before: 79.2 MB.
System memory in use after: 78.8 MB.

Unloading 19 unused Assets to reduce memory usage. Loaded Objects now: 2067.
Total: 2.268300 ms (FindLiveObjects: 0.165200 ms CreateObjectMapping: 0.056100 ms MarkObjects: 1.518700 ms  DeleteObjects: 0.527400 ms)

========================================================================
Received Prepare
Registering precompiled user dll's ...
Registered in 0.003224 seconds.
Begin MonoManager ReloadAssembly
Native extension for WindowsStandalone target not found
Refreshing native plugins compatible for Editor in 0.47 ms, found 1 plugins.
Preloading 1 native plugins for Editor in 0.08 ms.
Invoked RoslynAnalysisRunner static constructor.
RoslynAnalysisRunner will not be running.
RoslynAnalysisRunner has terminated.
Mono: successfully reloaded assembly
- Completed reload, in  0.799 seconds
Platform modules already initialized, skipping
Refreshing native plugins compatible for Editor in 0.35 ms, found 1 plugins.
Preloading 1 native plugins for Editor in 0.07 ms.
Unloading 1580 Unused Serialized files (Serialized files now loaded: 0)
System memory in use before: 79.6 MB.
System memory in use after: 79.2 MB.

Unloading 19 unused Assets to reduce memory usage. Loaded Objects now: 2069.
Total: 2.575200 ms (FindLiveObjects: 0.262000 ms CreateObjectMapping: 0.088500 ms MarkObjects: 1.656900 ms  DeleteObjects: 0.566500 ms)

========================================================================
Received Prepare
Refreshing native plugins compatible for Editor in 5.38 ms, found 1 plugins.
Preloading 1 native plugins for Editor in 0.06 ms.
Unloading 17 Unused Serialized files (Serialized files now loaded: 0)
System memory in use before: 48.7 MB.
System memory in use after: 48.4 MB.

Unloading 17 unused Assets to reduce memory usage. Loaded Objects now: 2069.
Total: 3.540700 ms (FindLiveObjects: 0.305000 ms CreateObjectMapping: 0.094400 ms MarkObjects: 2.523100 ms  DeleteObjects: 0.616500 ms)

========================================================================
Received Import Request.
  Time since last request: 1206.576223 seconds.
  path: Assets/Scenes/Instructions Scene.unity
  artifactKey: Guid(d40a555e5d013264c92562c0d031e875) Importer(815301076,1909f56bfc062723c751e8b465ee728b)
Start importing Assets/Scenes/Instructions Scene.unity using Guid(d40a555e5d013264c92562c0d031e875) Importer(815301076,1909f56bfc062723c751e8b465ee728b)  -> (artifact id: 'a223fe1cf9ade8f7c4419d4b50adff52') in 0.017438 seconds
  Import took 0.049081 seconds .

========================================================================
Received Import Request.
  Time since last request: 7.557772 seconds.
  path: Assets/Scripts/GameManager.cs
  artifactKey: Guid(857cb1dd611b1b8439b4bb0e34f23365) Importer(815301076,1909f56bfc062723c751e8b465ee728b)
Start importing Assets/Scripts/GameManager.cs using Guid(857cb1dd611b1b8439b4bb0e34f23365) Importer(815301076,1909f56bfc062723c751e8b465ee728b)  -> (artifact id: '0a434c7308160fbee68541b929ae0535') in 0.154696 seconds
  Import took 0.183185 seconds .

========================================================================
Received Prepare
Registering precompiled user dll's ...
Registered in 0.003539 seconds.
Begin MonoManager ReloadAssembly
Native extension for WindowsStandalone target not found
Refreshing native plugins compatible for Editor in 0.47 ms, found 1 plugins.
Preloading 1 native plugins for Editor in 0.08 ms.
Invoked RoslynAnalysisRunner static constructor.
RoslynAnalysisRunner will not be running.
RoslynAnalysisRunner has terminated.
Mono: successfully reloaded assembly
- Completed reload, in  1.577 seconds
Platform modules already initialized, skipping
Refreshing native plugins compatible for Editor in 0.35 ms, found 1 plugins.
Preloading 1 native plugins for Editor in 0.07 ms.
Unloading 1580 Unused Serialized files (Serialized files now loaded: 0)
System memory in use before: 79.5 MB.
System memory in use after: 79.2 MB.

Unloading 19 unused Assets to reduce memory usage. Loaded Objects now: 2071.
Total: 2.637300 ms (FindLiveObjects: 0.193400 ms CreateObjectMapping: 0.057900 ms MarkObjects: 1.821700 ms  DeleteObjects: 0.561600 ms)

========================================================================
Received Prepare
Registering precompiled user dll's ...
Registered in 0.002809 seconds.
Begin MonoManager ReloadAssembly
Native extension for WindowsStandalone target not found
Refreshing native plugins compatible for Editor in 0.39 ms, found 1 plugins.
Preloading 1 native plugins for Editor in 0.11 ms.
Invoked RoslynAnalysisRunner static constructor.
RoslynAnalysisRunner will not be running.
RoslynAnalysisRunner has terminated.
Mono: successfully reloaded assembly
- Completed reload, in  0.880 seconds
Platform modules already initialized, skipping
Refreshing native plugins compatible for Editor in 0.40 ms, found 1 plugins.
Preloading 1 native plugins for Editor in 0.07 ms.
Unloading 1580 Unused Serialized files (Serialized files now loaded: 0)
System memory in use before: 79.7 MB.
System memory in use after: 79.3 MB.

Unloading 19 unused Assets to reduce memory usage. Loaded Objects now: 2073.
Total: 2.526700 ms (FindLiveObjects: 0.184500 ms CreateObjectMapping: 0.057700 ms MarkObjects: 1.694200 ms  DeleteObjects: 0.589200 ms)

========================================================================
Received Prepare
Registering precompiled user dll's ...
Registered in 0.003053 seconds.
Begin MonoManager ReloadAssembly
Native extension for WindowsStandalone target not found
Refreshing native plugins compatible for Editor in 0.39 ms, found 1 plugins.
Preloading 1 native plugins for Editor in 0.09 ms.
Invoked RoslynAnalysisRunner static constructor.
RoslynAnalysisRunner will not be running.
RoslynAnalysisRunner has terminated.
Mono: successfully reloaded assembly
- Completed reload, in  1.460 seconds
Platform modules already initialized, skipping
Refreshing native plugins compatible for Editor in 0.76 ms, found 1 plugins.
Preloading 1 native plugins for Editor in 0.27 ms.
Unloading 1580 Unused Serialized files (Serialized files now loaded: 0)
System memory in use before: 79.4 MB.
System memory in use after: 79.1 MB.

Unloading 19 unused Assets to reduce memory usage. Loaded Objects now: 2075.
Total: 9.023400 ms (FindLiveObjects: 0.983000 ms CreateObjectMapping: 0.417100 ms MarkObjects: 4.872900 ms  DeleteObjects: 2.739500 ms)

========================================================================
Received Import Request.
  Time since last request: 148.240534 seconds.
  path: Assets/Scripts/CurrencyManagerScript.cs
  artifactKey: Guid(a3b2f9c7027ed1244955abfef2affc1c) Importer(815301076,1909f56bfc062723c751e8b465ee728b)
Start importing Assets/Scripts/CurrencyManagerScript.cs using Guid(a3b2f9c7027ed1244955abfef2affc1c) Importer(815301076,1909f56bfc062723c751e8b465ee728b)  -> (artifact id: 'b3dee729a1b299bea640da9276173566') in 0.007648 seconds
  Import took 0.046224 seconds .

========================================================================
Received Import Request.
  Time since last request: 0.015867 seconds.
  path: Assets/Scripts/CurrencyManagerScript.cs
  artifactKey: Guid(a3b2f9c7027ed1244955abfef2affc1c) Importer(815301076,1909f56bfc062723c751e8b465ee728b)
Start importing Assets/Scripts/CurrencyManagerScript.cs using Guid(a3b2f9c7027ed1244955abfef2affc1c) Importer(815301076,1909f56bfc062723c751e8b465ee728b)  -> (artifact id: 'b3dee729a1b299bea640da9276173566') in 0.005350 seconds
  Import took 0.081307 seconds .

========================================================================
Received Prepare
Registering precompiled user dll's ...
Registered in 0.002918 seconds.
Begin MonoManager ReloadAssembly
Native extension for WindowsStandalone target not found
Refreshing native plugins compatible for Editor in 0.40 ms, found 1 plugins.
Preloading 1 native plugins for Editor in 0.16 ms.
Invoked RoslynAnalysisRunner static constructor.
RoslynAnalysisRunner will not be running.
RoslynAnalysisRunner has terminated.
Mono: successfully reloaded assembly
- Completed reload, in  0.871 seconds
Platform modules already initialized, skipping
Refreshing native plugins compatible for Editor in 0.38 ms, found 1 plugins.
Preloading 1 native plugins for Editor in 0.08 ms.
Unloading 1580 Unused Serialized files (Serialized files now loaded: 0)
System memory in use before: 79.7 MB.
System memory in use after: 79.3 MB.

Unloading 19 unused Assets to reduce memory usage. Loaded Objects now: 2077.
Total: 3.145900 ms (FindLiveObjects: 0.207600 ms CreateObjectMapping: 0.068800 ms MarkObjects: 2.021300 ms  DeleteObjects: 0.846400 ms)

========================================================================
Received Import Request.
  Time since last request: 66.009397 seconds.
  path: Assets/Scripts/CurrencyManagerScript.cs
  artifactKey: Guid(a3b2f9c7027ed1244955abfef2affc1c) Importer(815301076,1909f56bfc062723c751e8b465ee728b)
Start importing Assets/Scripts/CurrencyManagerScript.cs using Guid(a3b2f9c7027ed1244955abfef2affc1c) Importer(815301076,1909f56bfc062723c751e8b465ee728b)  -> (artifact id: '290e02d2612734f65e8d4907bd108312') in 0.005832 seconds
  Import took 0.102242 seconds .

========================================================================
Received Prepare
Registering precompiled user dll's ...
Registered in 0.010645 seconds.
Begin MonoManager ReloadAssembly
Native extension for WindowsStandalone target not found
Refreshing native plugins compatible for Editor in 0.76 ms, found 1 plugins.
Preloading 1 native plugins for Editor in 0.21 ms.
Invoked RoslynAnalysisRunner static constructor.
RoslynAnalysisRunner will not be running.
RoslynAnalysisRunner has terminated.
Mono: successfully reloaded assembly
- Completed reload, in  3.464 seconds
Platform modules already initialized, skipping
Refreshing native plugins compatible for Editor in 3.06 ms, found 1 plugins.
Preloading 1 native plugins for Editor in 0.95 ms.
Unloading 1580 Unused Serialized files (Serialized files now loaded: 0)
System memory in use before: 79.3 MB.
System memory in use after: 79.0 MB.

Unloading 19 unused Assets to reduce memory usage. Loaded Objects now: 2079.
Total: 10.043000 ms (FindLiveObjects: 0.412800 ms CreateObjectMapping: 0.153300 ms MarkObjects: 7.173400 ms  DeleteObjects: 2.297600 ms)

========================================================================
Received Prepare
Registering precompiled user dll's ...
Registered in 0.054919 seconds.
Begin MonoManager ReloadAssembly
Native extension for WindowsStandalone target not found
Refreshing native plugins compatible for Editor in 0.42 ms, found 1 plugins.
Preloading 1 native plugins for Editor in 0.15 ms.
Invoked RoslynAnalysisRunner static constructor.
RoslynAnalysisRunner will not be running.
RoslynAnalysisRunner has terminated.
Mono: successfully reloaded assembly
- Completed reload, in  0.870 seconds
Platform modules already initialized, skipping
Refreshing native plugins compatible for Editor in 0.53 ms, found 1 plugins.
Preloading 1 native plugins for Editor in 0.12 ms.
Unloading 1580 Unused Serialized files (Serialized files now loaded: 0)
System memory in use before: 79.7 MB.
System memory in use after: 79.3 MB.

Unloading 19 unused Assets to reduce memory usage. Loaded Objects now: 2081.
Total: 2.830600 ms (FindLiveObjects: 0.215600 ms CreateObjectMapping: 0.053400 ms MarkObjects: 1.892400 ms  DeleteObjects: 0.667700 ms)

========================================================================
Received Import Request.
  Time since last request: 386.770370 seconds.
  path: Assets/Scenes/Store Scene.unity
  artifactKey: Guid(8b9632faa3635594b9945e81fec243d9) Importer(815301076,1909f56bfc062723c751e8b465ee728b)
Start importing Assets/Scenes/Store Scene.unity using Guid(8b9632faa3635594b9945e81fec243d9) Importer(815301076,1909f56bfc062723c751e8b465ee728b)  -> (artifact id: 'bc25b9294be8ec84d61082fedc68a276') in 3.584941 seconds
  Import took 3.675236 seconds .

========================================================================
Received Import Request.
  Time since last request: 0.000998 seconds.
  path: Assets/Scenes/Login Screen.unity
  artifactKey: Guid(9fc0d4010bbf28b4594072e72b8655ab) Importer(815301076,1909f56bfc062723c751e8b465ee728b)
Start importing Assets/Scenes/Login Screen.unity using Guid(9fc0d4010bbf28b4594072e72b8655ab) Importer(815301076,1909f56bfc062723c751e8b465ee728b)  -> (artifact id: 'b7cb629a26611caeb98e566842c739a0') in 0.007683 seconds
  Import took 0.077798 seconds .

========================================================================
Received Prepare
Registering precompiled user dll's ...
Registered in 0.013666 seconds.
Begin MonoManager ReloadAssembly
Native extension for WindowsStandalone target not found
Refreshing native plugins compatible for Editor in 1.94 ms, found 1 plugins.
Preloading 1 native plugins for Editor in 0.22 ms.
Invoked RoslynAnalysisRunner static constructor.
RoslynAnalysisRunner will not be running.
RoslynAnalysisRunner has terminated.
Mono: successfully reloaded assembly
- Completed reload, in  3.412 seconds
Platform modules already initialized, skipping
Refreshing native plugins compatible for Editor in 0.67 ms, found 1 plugins.
Preloading 1 native plugins for Editor in 0.22 ms.
Unloading 1580 Unused Serialized files (Serialized files now loaded: 0)
System memory in use before: 79.3 MB.
System memory in use after: 79.0 MB.

Unloading 19 unused Assets to reduce memory usage. Loaded Objects now: 2083.
Total: 10.147800 ms (FindLiveObjects: 3.121600 ms CreateObjectMapping: 1.858500 ms MarkObjects: 4.098100 ms  DeleteObjects: 1.056400 ms)

========================================================================
Received Prepare
Registering precompiled user dll's ...
Registered in 0.003411 seconds.
Begin MonoManager ReloadAssembly
Native extension for WindowsStandalone target not found
Refreshing native plugins compatible for Editor in 0.39 ms, found 1 plugins.
Preloading 1 native plugins for Editor in 0.10 ms.
Invoked RoslynAnalysisRunner static constructor.
RoslynAnalysisRunner will not be running.
RoslynAnalysisRunner has terminated.
Mono: successfully reloaded assembly
- Completed reload, in  1.053 seconds
Platform modules already initialized, skipping
Refreshing native plugins compatible for Editor in 0.35 ms, found 1 plugins.
Preloading 1 native plugins for Editor in 0.08 ms.
Unloading 1580 Unused Serialized files (Serialized files now loaded: 0)
System memory in use before: 79.7 MB.
System memory in use after: 79.4 MB.

Unloading 19 unused Assets to reduce memory usage. Loaded Objects now: 2085.
Total: 2.227000 ms (FindLiveObjects: 0.162200 ms CreateObjectMapping: 0.056700 ms MarkObjects: 1.488600 ms  DeleteObjects: 0.518500 ms)

========================================================================
Received Prepare
Registering precompiled user dll's ...
Registered in 0.005212 seconds.
Begin MonoManager ReloadAssembly
Native extension for WindowsStandalone target not found
Refreshing native plugins compatible for Editor in 0.56 ms, found 1 plugins.
Preloading 1 native plugins for Editor in 0.11 ms.
Invoked RoslynAnalysisRunner static constructor.
RoslynAnalysisRunner will not be running.
RoslynAnalysisRunner has terminated.
Mono: successfully reloaded assembly
- Completed reload, in  3.333 seconds
Platform modules already initialized, skipping
Refreshing native plugins compatible for Editor in 0.41 ms, found 1 plugins.
Preloading 1 native plugins for Editor in 0.10 ms.
Unloading 1580 Unused Serialized files (Serialized files now loaded: 0)
System memory in use before: 79.3 MB.
System memory in use after: 78.9 MB.

Unloading 19 unused Assets to reduce memory usage. Loaded Objects now: 2087.
Total: 4.941200 ms (FindLiveObjects: 0.532900 ms CreateObjectMapping: 0.189200 ms MarkObjects: 2.997300 ms  DeleteObjects: 1.219600 ms)

========================================================================
Received Prepare
Registering precompiled user dll's ...
Registered in 0.005405 seconds.
Begin MonoManager ReloadAssembly
Native extension for WindowsStandalone target not found
Refreshing native plugins compatible for Editor in 3.88 ms, found 1 plugins.
Preloading 1 native plugins for Editor in 0.34 ms.
Invoked RoslynAnalysisRunner static constructor.
RoslynAnalysisRunner will not be running.
RoslynAnalysisRunner has terminated.
Mono: successfully reloaded assembly
- Completed reload, in  4.243 seconds
Platform modules already initialized, skipping
Refreshing native plugins compatible for Editor in 0.52 ms, found 1 plugins.
Preloading 1 native plugins for Editor in 1.31 ms.
Unloading 1580 Unused Serialized files (Serialized files now loaded: 0)
System memory in use before: 79.7 MB.
System memory in use after: 79.4 MB.

Unloading 19 unused Assets to reduce memory usage. Loaded Objects now: 2089.
Total: 12.155900 ms (FindLiveObjects: 1.094300 ms CreateObjectMapping: 0.286000 ms MarkObjects: 9.602700 ms  DeleteObjects: 1.165700 ms)

========================================================================
Received Prepare
Registering precompiled user dll's ...
Registered in 0.008398 seconds.
Begin MonoManager ReloadAssembly
Native extension for WindowsStandalone target not found
Refreshing native plugins compatible for Editor in 0.90 ms, found 1 plugins.
Preloading 1 native plugins for Editor in 0.39 ms.
Invoked RoslynAnalysisRunner static constructor.
RoslynAnalysisRunner will not be running.
RoslynAnalysisRunner has terminated.
Mono: successfully reloaded assembly
- Completed reload, in  1.665 seconds
Platform modules already initialized, skipping
Refreshing native plugins compatible for Editor in 0.39 ms, found 1 plugins.
Preloading 1 native plugins for Editor in 0.07 ms.
Unloading 1580 Unused Serialized files (Serialized files now loaded: 0)
System memory in use before: 79.7 MB.
System memory in use after: 79.4 MB.

Unloading 19 unused Assets to reduce memory usage. Loaded Objects now: 2091.
Total: 4.701900 ms (FindLiveObjects: 0.289200 ms CreateObjectMapping: 0.128900 ms MarkObjects: 3.165600 ms  DeleteObjects: 1.116400 ms)

========================================================================
Received Prepare
Registering precompiled user dll's ...
Registered in 0.003139 seconds.
Begin MonoManager ReloadAssembly
Native extension for WindowsStandalone target not found
Refreshing native plugins compatible for Editor in 0.41 ms, found 1 plugins.
Preloading 1 native plugins for Editor in 0.10 ms.
Invoked RoslynAnalysisRunner static constructor.
RoslynAnalysisRunner will not be running.
RoslynAnalysisRunner has terminated.
Mono: successfully reloaded assembly
- Completed reload, in  1.729 seconds
Platform modules already initialized, skipping
Refreshing native plugins compatible for Editor in 0.38 ms, found 1 plugins.
Preloading 1 native plugins for Editor in 0.09 ms.
Unloading 1580 Unused Serialized files (Serialized files now loaded: 0)
System memory in use before: 79.6 MB.
System memory in use after: 79.3 MB.

Unloading 19 unused Assets to reduce memory usage. Loaded Objects now: 2093.
Total: 2.989400 ms (FindLiveObjects: 0.312700 ms CreateObjectMapping: 0.057700 ms MarkObjects: 2.008700 ms  DeleteObjects: 0.609500 ms)

========================================================================
Received Prepare
Registering precompiled user dll's ...
Registered in 0.015770 seconds.
Begin MonoManager ReloadAssembly
Native extension for WindowsStandalone target not found
Refreshing native plugins compatible for Editor in 2.39 ms, found 1 plugins.
Preloading 1 native plugins for Editor in 0.51 ms.
Invoked RoslynAnalysisRunner static constructor.
RoslynAnalysisRunner will not be running.
RoslynAnalysisRunner has terminated.
Mono: successfully reloaded assembly
- Completed reload, in  3.588 seconds
Platform modules already initialized, skipping
Refreshing native plugins compatible for Editor in 0.54 ms, found 1 plugins.
Preloading 1 native plugins for Editor in 0.15 ms.
Unloading 1580 Unused Serialized files (Serialized files now loaded: 0)
System memory in use before: 79.8 MB.
System memory in use after: 79.4 MB.

Unloading 19 unused Assets to reduce memory usage. Loaded Objects now: 2095.
Total: 9.941500 ms (FindLiveObjects: 1.856800 ms CreateObjectMapping: 1.040200 ms MarkObjects: 6.324900 ms  DeleteObjects: 0.709900 ms)

========================================================================
Received Prepare
Registering precompiled user dll's ...
Registered in 0.013522 seconds.
Begin MonoManager ReloadAssembly
Native extension for WindowsStandalone target not found
Refreshing native plugins compatible for Editor in 0.38 ms, found 1 plugins.
Preloading 1 native plugins for Editor in 0.11 ms.
Invoked RoslynAnalysisRunner static constructor.
RoslynAnalysisRunner will not be running.
RoslynAnalysisRunner has terminated.
Mono: successfully reloaded assembly
- Completed reload, in  2.719 seconds
Platform modules already initialized, skipping
Refreshing native plugins compatible for Editor in 0.41 ms, found 1 plugins.
Preloading 1 native plugins for Editor in 0.07 ms.
Unloading 1580 Unused Serialized files (Serialized files now loaded: 0)
System memory in use before: 79.5 MB.
System memory in use after: 79.2 MB.

Unloading 19 unused Assets to reduce memory usage. Loaded Objects now: 2097.
Total: 2.134200 ms (FindLiveObjects: 0.182300 ms CreateObjectMapping: 0.055700 ms MarkObjects: 1.377100 ms  DeleteObjects: 0.518000 ms)

========================================================================
Received Prepare
Registering precompiled user dll's ...
Registered in 0.011474 seconds.
Begin MonoManager ReloadAssembly
Native extension for WindowsStandalone target not found
Refreshing native plugins compatible for Editor in 0.72 ms, found 1 plugins.
Preloading 1 native plugins for Editor in 0.17 ms.
Invoked RoslynAnalysisRunner static constructor.
RoslynAnalysisRunner will not be running.
RoslynAnalysisRunner has terminated.
Mono: successfully reloaded assembly
- Completed reload, in  3.735 seconds
Platform modules already initialized, skipping
Refreshing native plugins compatible for Editor in 2.91 ms, found 1 plugins.
Preloading 1 native plugins for Editor in 1.04 ms.
Unloading 1580 Unused Serialized files (Serialized files now loaded: 0)
System memory in use before: 79.8 MB.
System memory in use after: 79.4 MB.

Unloading 19 unused Assets to reduce memory usage. Loaded Objects now: 2099.
Total: 7.338800 ms (FindLiveObjects: 0.306800 ms CreateObjectMapping: 0.106500 ms MarkObjects: 3.315000 ms  DeleteObjects: 3.598500 ms)

========================================================================
Received Import Request.
  Time since last request: 871.064342 seconds.
  path: Assets/Scripts/ScoreManager.cs
  artifactKey: Guid(d6a75bf496b839746929d99705c8a3a7) Importer(815301076,1909f56bfc062723c751e8b465ee728b)
Start importing Assets/Scripts/ScoreManager.cs using Guid(d6a75bf496b839746929d99705c8a3a7) Importer(815301076,1909f56bfc062723c751e8b465ee728b)  -> (artifact id: 'ac6e9526dc08af4fb4db55d3aa7d6c0c') in 0.048904 seconds
  Import took 0.071059 seconds .

========================================================================
Received Prepare
Registering precompiled user dll's ...
Registered in 0.003110 seconds.
Begin MonoManager ReloadAssembly
Native extension for WindowsStandalone target not found
Refreshing native plugins compatible for Editor in 0.38 ms, found 1 plugins.
Preloading 1 native plugins for Editor in 0.09 ms.
Invoked RoslynAnalysisRunner static constructor.
RoslynAnalysisRunner will not be running.
RoslynAnalysisRunner has terminated.
Mono: successfully reloaded assembly
- Completed reload, in  0.880 seconds
Platform modules already initialized, skipping
Refreshing native plugins compatible for Editor in 0.38 ms, found 1 plugins.
Preloading 1 native plugins for Editor in 0.07 ms.
Unloading 1580 Unused Serialized files (Serialized files now loaded: 0)
System memory in use before: 79.5 MB.
System memory in use after: 79.1 MB.

Unloading 19 unused Assets to reduce memory usage. Loaded Objects now: 2101.
Total: 3.168200 ms (FindLiveObjects: 0.231000 ms CreateObjectMapping: 0.078800 ms MarkObjects: 2.291600 ms  DeleteObjects: 0.565800 ms)

========================================================================
Received Import Request.
  Time since last request: 176.207346 seconds.
  path: Assets/Scripts/ScoreManager.cs
  artifactKey: Guid(d6a75bf496b839746929d99705c8a3a7) Importer(815301076,1909f56bfc062723c751e8b465ee728b)
Start importing Assets/Scripts/ScoreManager.cs using Guid(d6a75bf496b839746929d99705c8a3a7) Importer(815301076,1909f56bfc062723c751e8b465ee728b)  -> (artifact id: '94a0bc3ba87b6d4574c9516d6995a7d6') in 0.005163 seconds
  Import took 0.107478 seconds .

========================================================================
Received Import Request.
  Time since last request: 66.245116 seconds.
  path: Assets/Scripts/ScoreManager.cs
  artifactKey: Guid(d6a75bf496b839746929d99705c8a3a7) Importer(815301076,1909f56bfc062723c751e8b465ee728b)
Start importing Assets/Scripts/ScoreManager.cs using Guid(d6a75bf496b839746929d99705c8a3a7) Importer(815301076,1909f56bfc062723c751e8b465ee728b)  -> (artifact id: '1453992c3725e2d6be24b1de360e547f') in 0.003000 seconds
  Import took 0.251306 seconds .

========================================================================
Received Prepare
Registering precompiled user dll's ...
Registered in 0.003320 seconds.
Begin MonoManager ReloadAssembly
Native extension for WindowsStandalone target not found
Refreshing native plugins compatible for Editor in 0.50 ms, found 1 plugins.
Preloading 1 native plugins for Editor in 0.12 ms.
Invoked RoslynAnalysisRunner static constructor.
RoslynAnalysisRunner will not be running.
RoslynAnalysisRunner has terminated.
Mono: successfully reloaded assembly
- Completed reload, in  0.952 seconds
Platform modules already initialized, skipping
Refreshing native plugins compatible for Editor in 0.41 ms, found 1 plugins.
Preloading 1 native plugins for Editor in 0.08 ms.
Unloading 1580 Unused Serialized files (Serialized files now loaded: 0)
System memory in use before: 79.7 MB.
System memory in use after: 79.4 MB.

Unloading 19 unused Assets to reduce memory usage. Loaded Objects now: 2103.
Total: 2.713500 ms (FindLiveObjects: 0.223900 ms CreateObjectMapping: 0.068000 ms MarkObjects: 1.743500 ms  DeleteObjects: 0.677000 ms)

========================================================================
Received Import Request.
  Time since last request: 45.873315 seconds.
  path: Assets/Scripts/ScoreManager.cs
  artifactKey: Guid(d6a75bf496b839746929d99705c8a3a7) Importer(815301076,1909f56bfc062723c751e8b465ee728b)
Start importing Assets/Scripts/ScoreManager.cs using Guid(d6a75bf496b839746929d99705c8a3a7) Importer(815301076,1909f56bfc062723c751e8b465ee728b)  -> (artifact id: '9fefd6da681c07a27397d4f12e0cd9d7') in 12.089469 seconds
  Import took 12.431672 seconds .

========================================================================
Received Import Request.
  Time since last request: 4.857997 seconds.
  path: Assets/Scripts/ScoreManager.cs
  artifactKey: Guid(d6a75bf496b839746929d99705c8a3a7) Importer(815301076,1909f56bfc062723c751e8b465ee728b)
Start importing Assets/Scripts/ScoreManager.cs using Guid(d6a75bf496b839746929d99705c8a3a7) Importer(815301076,1909f56bfc062723c751e8b465ee728b)  -> (artifact id: '9fefd6da681c07a27397d4f12e0cd9d7') in 0.004714 seconds
  Import took 0.008367 seconds .

========================================================================
Received Prepare
Registering precompiled user dll's ...
Registered in 0.003275 seconds.
Begin MonoManager ReloadAssembly
Native extension for WindowsStandalone target not found
Refreshing native plugins compatible for Editor in 0.51 ms, found 1 plugins.
Preloading 1 native plugins for Editor in 0.12 ms.
Invoked RoslynAnalysisRunner static constructor.
RoslynAnalysisRunner will not be running.
RoslynAnalysisRunner has terminated.
Mono: successfully reloaded assembly
- Completed reload, in  1.498 seconds
Platform modules already initialized, skipping
Refreshing native plugins compatible for Editor in 0.38 ms, found 1 plugins.
Preloading 1 native plugins for Editor in 0.07 ms.
Unloading 1580 Unused Serialized files (Serialized files now loaded: 0)
System memory in use before: 79.4 MB.
System memory in use after: 79.0 MB.

Unloading 19 unused Assets to reduce memory usage. Loaded Objects now: 2105.
Total: 14.161200 ms (FindLiveObjects: 0.342200 ms CreateObjectMapping: 0.117900 ms MarkObjects: 12.458200 ms  DeleteObjects: 1.239400 ms)

========================================================================
Received Prepare
Registering precompiled user dll's ...
Registered in 0.026392 seconds.
Begin MonoManager ReloadAssembly
Native extension for WindowsStandalone target not found
Refreshing native plugins compatible for Editor in 1.79 ms, found 1 plugins.
Preloading 1 native plugins for Editor in 0.34 ms.
Invoked RoslynAnalysisRunner static constructor.
RoslynAnalysisRunner will not be running.
RoslynAnalysisRunner has terminated.
Mono: successfully reloaded assembly
- Completed reload, in  4.773 seconds
Platform modules already initialized, skipping
Refreshing native plugins compatible for Editor in 0.56 ms, found 1 plugins.
Preloading 1 native plugins for Editor in 0.18 ms.
Unloading 1580 Unused Serialized files (Serialized files now loaded: 0)
System memory in use before: 79.7 MB.
System memory in use after: 79.4 MB.

Unloading 19 unused Assets to reduce memory usage. Loaded Objects now: 2107.
Total: 8.330500 ms (FindLiveObjects: 0.291200 ms CreateObjectMapping: 0.092000 ms MarkObjects: 6.425400 ms  DeleteObjects: 1.519200 ms)

========================================================================
Received Prepare
Registering precompiled user dll's ...
Registered in 0.003040 seconds.
Begin MonoManager ReloadAssembly
Native extension for WindowsStandalone target not found
Refreshing native plugins compatible for Editor in 0.38 ms, found 1 plugins.
Preloading 1 native plugins for Editor in 0.09 ms.
Invoked RoslynAnalysisRunner static constructor.
RoslynAnalysisRunner will not be running.
RoslynAnalysisRunner has terminated.
Mono: successfully reloaded assembly
- Completed reload, in  0.956 seconds
Platform modules already initialized, skipping
Refreshing native plugins compatible for Editor in 0.35 ms, found 1 plugins.
Preloading 1 native plugins for Editor in 0.07 ms.
Unloading 1580 Unused Serialized files (Serialized files now loaded: 0)
System memory in use before: 79.3 MB.
System memory in use after: 79.0 MB.

Unloading 19 unused Assets to reduce memory usage. Loaded Objects now: 2109.
Total: 2.081300 ms (FindLiveObjects: 0.167800 ms CreateObjectMapping: 0.050600 ms MarkObjects: 1.329300 ms  DeleteObjects: 0.532800 ms)

========================================================================
Received Import Request.
  Time since last request: 1516.116542 seconds.
  path: Assets/Assets/OpenSans-ExtraBold.ttf
  artifactKey: Guid(27134c549597b4a4591001d520ce8d61) Importer(815301076,1909f56bfc062723c751e8b465ee728b)
Start importing Assets/Assets/OpenSans-ExtraBold.ttf using Guid(27134c549597b4a4591001d520ce8d61) Importer(815301076,1909f56bfc062723c751e8b465ee728b)  -> (artifact id: 'e47168283333247a4af9808a2e272ec4') in 1.833305 seconds
  Import took 1.861923 seconds .

========================================================================
Received Prepare
Registering precompiled user dll's ...
Registered in 0.003007 seconds.
Begin MonoManager ReloadAssembly
Native extension for WindowsStandalone target not found
Refreshing native plugins compatible for Editor in 0.38 ms, found 1 plugins.
Preloading 1 native plugins for Editor in 0.09 ms.
Invoked RoslynAnalysisRunner static constructor.
RoslynAnalysisRunner will not be running.
RoslynAnalysisRunner has terminated.
Mono: successfully reloaded assembly
- Completed reload, in  1.043 seconds
Platform modules already initialized, skipping
Refreshing native plugins compatible for Editor in 0.51 ms, found 1 plugins.
Preloading 1 native plugins for Editor in 0.08 ms.
Unloading 1580 Unused Serialized files (Serialized files now loaded: 0)
System memory in use before: 80.2 MB.
System memory in use after: 79.8 MB.

Unloading 19 unused Assets to reduce memory usage. Loaded Objects now: 2153.
Total: 2.558300 ms (FindLiveObjects: 0.225400 ms CreateObjectMapping: 0.087700 ms MarkObjects: 1.672300 ms  DeleteObjects: 0.572200 ms)

========================================================================
Received Import Request.
  Time since last request: 26.791514 seconds.
  path: Assets/Assets/OpenSans-Bold.ttf
  artifactKey: Guid(bd9cebf8d4622b84c88622d830957b56) Importer(815301076,1909f56bfc062723c751e8b465ee728b)
Start importing Assets/Assets/OpenSans-Bold.ttf using Guid(bd9cebf8d4622b84c88622d830957b56) Importer(815301076,1909f56bfc062723c751e8b465ee728b)  -> (artifact id: '93b87c63174be02dd4f12376ef04d538') in 0.103906 seconds
  Import took 0.143312 seconds .

========================================================================
Received Import Request.
  Time since last request: 0.010011 seconds.
  path: Assets/Assets/OpenSans-Bold.ttf
  artifactKey: Guid(bd9cebf8d4622b84c88622d830957b56) Importer(815301076,1909f56bfc062723c751e8b465ee728b)
Start importing Assets/Assets/OpenSans-Bold.ttf using Guid(bd9cebf8d4622b84c88622d830957b56) Importer(815301076,1909f56bfc062723c751e8b465ee728b)  -> (artifact id: '93b87c63174be02dd4f12376ef04d538') in 0.013392 seconds
  Import took 0.016517 seconds .

========================================================================
Received Prepare
Registering precompiled user dll's ...
Registered in 0.018995 seconds.
Begin MonoManager ReloadAssembly
Native extension for WindowsStandalone target not found
Refreshing native plugins compatible for Editor in 2.31 ms, found 1 plugins.
Preloading 1 native plugins for Editor in 0.85 ms.
Invoked RoslynAnalysisRunner static constructor.
RoslynAnalysisRunner will not be running.
RoslynAnalysisRunner has terminated.
Mono: successfully reloaded assembly
- Completed reload, in  6.156 seconds
Platform modules already initialized, skipping
Refreshing native plugins compatible for Editor in 8.88 ms, found 1 plugins.
Preloading 1 native plugins for Editor in 3.24 ms.
Unloading 1580 Unused Serialized files (Serialized files now loaded: 0)
System memory in use before: 79.7 MB.
System memory in use after: 79.3 MB.

Unloading 19 unused Assets to reduce memory usage. Loaded Objects now: 2157.
Total: 21.702200 ms (FindLiveObjects: 3.331800 ms CreateObjectMapping: 1.952300 ms MarkObjects: 13.800700 ms  DeleteObjects: 2.611200 ms)

========================================================================
Received Import Request.
  Time since last request: 152.841869 seconds.
  path: Assets/Assets/OpenSans-SemiBold.ttf
  artifactKey: Guid(d6559c62bdcd7cb41b67e89bc7324246) Importer(815301076,1909f56bfc062723c751e8b465ee728b)
Start importing Assets/Assets/OpenSans-SemiBold.ttf using Guid(d6559c62bdcd7cb41b67e89bc7324246) Importer(815301076,1909f56bfc062723c751e8b465ee728b)  -> (artifact id: '613c613b4e22687ee1097e4d048b3b55') in 0.133446 seconds
  Import took 0.173144 seconds .

========================================================================
Received Prepare
Registering precompiled user dll's ...
Registered in 0.018364 seconds.
Begin MonoManager ReloadAssembly
Native extension for WindowsStandalone target not found
Refreshing native plugins compatible for Editor in 4.46 ms, found 1 plugins.
Preloading 1 native plugins for Editor in 1.84 ms.
Invoked RoslynAnalysisRunner static constructor.
RoslynAnalysisRunner will not be running.
RoslynAnalysisRunner has terminated.
Mono: successfully reloaded assembly
- Completed reload, in  6.737 seconds
Platform modules already initialized, skipping
Refreshing native plugins compatible for Editor in 3.74 ms, found 1 plugins.
Preloading 1 native plugins for Editor in 0.28 ms.
Unloading 1580 Unused Serialized files (Serialized files now loaded: 0)
System memory in use before: 80.2 MB.
System memory in use after: 79.8 MB.

Unloading 19 unused Assets to reduce memory usage. Loaded Objects now: 2161.
Total: 19.005000 ms (FindLiveObjects: 0.424600 ms CreateObjectMapping: 0.723400 ms MarkObjects: 16.501700 ms  DeleteObjects: 1.347800 ms)

========================================================================
Received Prepare
Registering precompiled user dll's ...
Registered in 0.022724 seconds.
Begin MonoManager ReloadAssembly
Native extension for WindowsStandalone target not found
Refreshing native plugins compatible for Editor in 0.35 ms, found 1 plugins.
Preloading 1 native plugins for Editor in 0.16 ms.
Invoked RoslynAnalysisRunner static constructor.
RoslynAnalysisRunner will not be running.
RoslynAnalysisRunner has terminated.
Mono: successfully reloaded assembly
- Completed reload, in  1.765 seconds
Platform modules already initialized, skipping
Refreshing native plugins compatible for Editor in 0.42 ms, found 1 plugins.
Preloading 1 native plugins for Editor in 0.08 ms.
Unloading 1580 Unused Serialized files (Serialized files now loaded: 0)
System memory in use before: 80.2 MB.
System memory in use after: 79.9 MB.

Unloading 19 unused Assets to reduce memory usage. Loaded Objects now: 2163.
Total: 4.177800 ms (FindLiveObjects: 0.297800 ms CreateObjectMapping: 0.104800 ms MarkObjects: 2.720000 ms  DeleteObjects: 1.053700 ms)

========================================================================
Received Prepare
Registering precompiled user dll's ...
Registered in 0.027975 seconds.
Begin MonoManager ReloadAssembly
Native extension for WindowsStandalone target not found
Refreshing native plugins compatible for Editor in 1.10 ms, found 1 plugins.
Preloading 1 native plugins for Editor in 1.38 ms.
Invoked RoslynAnalysisRunner static constructor.
RoslynAnalysisRunner will not be running.
RoslynAnalysisRunner has terminated.
Mono: successfully reloaded assembly
- Completed reload, in  8.102 seconds
Platform modules already initialized, skipping
Refreshing native plugins compatible for Editor in 0.49 ms, found 1 plugins.
Preloading 1 native plugins for Editor in 0.16 ms.
Unloading 1580 Unused Serialized files (Serialized files now loaded: 0)
System memory in use before: 80.1 MB.
System memory in use after: 79.7 MB.

Unloading 19 unused Assets to reduce memory usage. Loaded Objects now: 2165.
Total: 14.421700 ms (FindLiveObjects: 0.324000 ms CreateObjectMapping: 0.083600 ms MarkObjects: 11.964100 ms  DeleteObjects: 2.047300 ms)

========================================================================
Received Prepare
Registering precompiled user dll's ...
Registered in 0.003314 seconds.
Begin MonoManager ReloadAssembly
Native extension for WindowsStandalone target not found
Refreshing native plugins compatible for Editor in 0.38 ms, found 1 plugins.
Preloading 1 native plugins for Editor in 0.14 ms.
Invoked RoslynAnalysisRunner static constructor.
RoslynAnalysisRunner will not be running.
RoslynAnalysisRunner has terminated.
Mono: successfully reloaded assembly
- Completed reload, in  0.988 seconds
Platform modules already initialized, skipping
Refreshing native plugins compatible for Editor in 0.41 ms, found 1 plugins.
Preloading 1 native plugins for Editor in 0.08 ms.
Unloading 1580 Unused Serialized files (Serialized files now loaded: 0)
System memory in use before: 80.2 MB.
System memory in use after: 79.9 MB.

Unloading 19 unused Assets to reduce memory usage. Loaded Objects now: 2167.
Total: 2.277700 ms (FindLiveObjects: 0.198800 ms CreateObjectMapping: 0.074900 ms MarkObjects: 1.470800 ms  DeleteObjects: 0.532300 ms)

========================================================================
Received Prepare
Registering precompiled user dll's ...
Registered in 0.002894 seconds.
Begin MonoManager ReloadAssembly
Native extension for WindowsStandalone target not found
Refreshing native plugins compatible for Editor in 0.37 ms, found 1 plugins.
Preloading 1 native plugins for Editor in 0.08 ms.
Invoked RoslynAnalysisRunner static constructor.
RoslynAnalysisRunner will not be running.
RoslynAnalysisRunner has terminated.
Mono: successfully reloaded assembly
- Completed reload, in  0.883 seconds
Platform modules already initialized, skipping
Refreshing native plugins compatible for Editor in 0.39 ms, found 1 plugins.
Preloading 1 native plugins for Editor in 0.07 ms.
Unloading 1580 Unused Serialized files (Serialized files now loaded: 0)
System memory in use before: 80.0 MB.
System memory in use after: 79.7 MB.

Unloading 19 unused Assets to reduce memory usage. Loaded Objects now: 2169.
Total: 2.998000 ms (FindLiveObjects: 0.271900 ms CreateObjectMapping: 0.161800 ms MarkObjects: 1.992300 ms  DeleteObjects: 0.570700 ms)

========================================================================
Received Prepare
Registering precompiled user dll's ...
Registered in 0.018222 seconds.
Begin MonoManager ReloadAssembly
Native extension for WindowsStandalone target not found
Refreshing native plugins compatible for Editor in 0.94 ms, found 1 plugins.
Preloading 1 native plugins for Editor in 0.16 ms.
Invoked RoslynAnalysisRunner static constructor.
RoslynAnalysisRunner will not be running.
RoslynAnalysisRunner has terminated.
Mono: successfully reloaded assembly
- Completed reload, in  4.422 seconds
Platform modules already initialized, skipping
Refreshing native plugins compatible for Editor in 1.06 ms, found 1 plugins.
Preloading 1 native plugins for Editor in 1.34 ms.
Unloading 1580 Unused Serialized files (Serialized files now loaded: 0)
System memory in use before: 80.3 MB.
System memory in use after: 79.9 MB.

Unloading 19 unused Assets to reduce memory usage. Loaded Objects now: 2171.
Total: 12.371700 ms (FindLiveObjects: 1.884500 ms CreateObjectMapping: 0.966800 ms MarkObjects: 8.330600 ms  DeleteObjects: 1.177700 ms)

========================================================================
Received Prepare
Registering precompiled user dll's ...
Registered in 0.003394 seconds.
Begin MonoManager ReloadAssembly
Native extension for WindowsStandalone target not found
Refreshing native plugins compatible for Editor in 0.43 ms, found 1 plugins.
Preloading 1 native plugins for Editor in 0.13 ms.
Invoked RoslynAnalysisRunner static constructor.
RoslynAnalysisRunner will not be running.
RoslynAnalysisRunner has terminated.
Mono: successfully reloaded assembly
- Completed reload, in  0.820 seconds
Platform modules already initialized, skipping
Refreshing native plugins compatible for Editor in 0.38 ms, found 1 plugins.
Preloading 1 native plugins for Editor in 0.09 ms.
Unloading 1580 Unused Serialized files (Serialized files now loaded: 0)
System memory in use before: 79.9 MB.
System memory in use after: 79.6 MB.

Unloading 19 unused Assets to reduce memory usage. Loaded Objects now: 2173.
Total: 3.339300 ms (FindLiveObjects: 0.247700 ms CreateObjectMapping: 0.092400 ms MarkObjects: 2.243900 ms  DeleteObjects: 0.753700 ms)

========================================================================
Received Prepare
Registering precompiled user dll's ...
Registered in 0.038426 seconds.
Begin MonoManager ReloadAssembly
Native extension for WindowsStandalone target not found
Refreshing native plugins compatible for Editor in 0.55 ms, found 1 plugins.
Preloading 1 native plugins for Editor in 0.15 ms.
Invoked RoslynAnalysisRunner static constructor.
RoslynAnalysisRunner will not be running.
RoslynAnalysisRunner has terminated.
Mono: successfully reloaded assembly
- Completed reload, in  4.041 seconds
Platform modules already initialized, skipping
Refreshing native plugins compatible for Editor in 0.87 ms, found 1 plugins.
Preloading 1 native plugins for Editor in 0.18 ms.
Unloading 1580 Unused Serialized files (Serialized files now loaded: 0)
System memory in use before: 80.3 MB.
System memory in use after: 79.9 MB.

Unloading 19 unused Assets to reduce memory usage. Loaded Objects now: 2175.
Total: 12.701000 ms (FindLiveObjects: 1.955500 ms CreateObjectMapping: 1.057500 ms MarkObjects: 8.698400 ms  DeleteObjects: 0.977500 ms)

========================================================================
Received Prepare
Registering precompiled user dll's ...
Registered in 0.003475 seconds.
Begin MonoManager ReloadAssembly
Native extension for WindowsStandalone target not found
Refreshing native plugins compatible for Editor in 0.39 ms, found 1 plugins.
Preloading 1 native plugins for Editor in 0.09 ms.
Invoked RoslynAnalysisRunner static constructor.
RoslynAnalysisRunner will not be running.
RoslynAnalysisRunner has terminated.
Mono: successfully reloaded assembly
- Completed reload, in  0.843 seconds
Platform modules already initialized, skipping
Refreshing native plugins compatible for Editor in 0.38 ms, found 1 plugins.
Preloading 1 native plugins for Editor in 0.08 ms.
Unloading 1580 Unused Serialized files (Serialized files now loaded: 0)
System memory in use before: 79.9 MB.
System memory in use after: 79.6 MB.

Unloading 19 unused Assets to reduce memory usage. Loaded Objects now: 2177.
Total: 2.685500 ms (FindLiveObjects: 0.208600 ms CreateObjectMapping: 0.067400 ms MarkObjects: 1.798900 ms  DeleteObjects: 0.609700 ms)

========================================================================
Received Prepare
Registering precompiled user dll's ...
Registered in 0.023437 seconds.
Begin MonoManager ReloadAssembly
Native extension for WindowsStandalone target not found
Refreshing native plugins compatible for Editor in 0.62 ms, found 1 plugins.
Preloading 1 native plugins for Editor in 0.28 ms.
Invoked RoslynAnalysisRunner static constructor.
RoslynAnalysisRunner will not be running.
RoslynAnalysisRunner has terminated.
Mono: successfully reloaded assembly
- Completed reload, in  4.665 seconds
Platform modules already initialized, skipping
Refreshing native plugins compatible for Editor in 1.11 ms, found 1 plugins.
Preloading 1 native plugins for Editor in 0.25 ms.
Unloading 1580 Unused Serialized files (Serialized files now loaded: 0)
System memory in use before: 80.2 MB.
System memory in use after: 79.9 MB.

Unloading 19 unused Assets to reduce memory usage. Loaded Objects now: 2179.
Total: 13.579400 ms (FindLiveObjects: 2.184300 ms CreateObjectMapping: 0.922900 ms MarkObjects: 9.503300 ms  DeleteObjects: 0.947100 ms)

========================================================================
Received Prepare
Registering precompiled user dll's ...
Registered in 0.003161 seconds.
Begin MonoManager ReloadAssembly
Native extension for WindowsStandalone target not found
Refreshing native plugins compatible for Editor in 0.41 ms, found 1 plugins.
Preloading 1 native plugins for Editor in 0.09 ms.
Invoked RoslynAnalysisRunner static constructor.
RoslynAnalysisRunner will not be running.
RoslynAnalysisRunner has terminated.
Mono: successfully reloaded assembly
- Completed reload, in  1.179 seconds
Platform modules already initialized, skipping
Refreshing native plugins compatible for Editor in 0.44 ms, found 1 plugins.
Preloading 1 native plugins for Editor in 0.10 ms.
Unloading 1580 Unused Serialized files (Serialized files now loaded: 0)
System memory in use before: 79.9 MB.
System memory in use after: 79.5 MB.

Unloading 19 unused Assets to reduce memory usage. Loaded Objects now: 2181.
Total: 3.290600 ms (FindLiveObjects: 0.297200 ms CreateObjectMapping: 0.071100 ms MarkObjects: 2.226000 ms  DeleteObjects: 0.695200 ms)

========================================================================
Received Prepare
Registering precompiled user dll's ...
Registered in 0.018794 seconds.
Begin MonoManager ReloadAssembly
Native extension for WindowsStandalone target not found
Refreshing native plugins compatible for Editor in 0.55 ms, found 1 plugins.
Preloading 1 native plugins for Editor in 0.27 ms.
Invoked RoslynAnalysisRunner static constructor.
RoslynAnalysisRunner will not be running.
RoslynAnalysisRunner has terminated.
Mono: successfully reloaded assembly
- Completed reload, in  3.278 seconds
Platform modules already initialized, skipping
Refreshing native plugins compatible for Editor in 0.90 ms, found 1 plugins.
Preloading 1 native plugins for Editor in 0.24 ms.
Unloading 1580 Unused Serialized files (Serialized files now loaded: 0)
System memory in use before: 80.3 MB.
System memory in use after: 79.9 MB.

Unloading 19 unused Assets to reduce memory usage. Loaded Objects now: 2183.
Total: 9.928000 ms (FindLiveObjects: 2.122200 ms CreateObjectMapping: 1.020800 ms MarkObjects: 5.826900 ms  DeleteObjects: 0.948600 ms)

========================================================================
Received Prepare
Registering precompiled user dll's ...
Registered in 0.008221 seconds.
Begin MonoManager ReloadAssembly
Native extension for WindowsStandalone target not found
Refreshing native plugins compatible for Editor in 0.40 ms, found 1 plugins.
Preloading 1 native plugins for Editor in 0.12 ms.
Invoked RoslynAnalysisRunner static constructor.
RoslynAnalysisRunner will not be running.
RoslynAnalysisRunner has terminated.
Mono: successfully reloaded assembly
- Completed reload, in  0.963 seconds
Platform modules already initialized, skipping
Refreshing native plugins compatible for Editor in 0.47 ms, found 1 plugins.
Preloading 1 native plugins for Editor in 0.10 ms.
Unloading 1580 Unused Serialized files (Serialized files now loaded: 0)
System memory in use before: 79.8 MB.
System memory in use after: 79.4 MB.

Unloading 19 unused Assets to reduce memory usage. Loaded Objects now: 2185.
Total: 2.920200 ms (FindLiveObjects: 0.220100 ms CreateObjectMapping: 0.060700 ms MarkObjects: 1.946200 ms  DeleteObjects: 0.692100 ms)

========================================================================
Received Prepare
Registering precompiled user dll's ...
Registered in 0.003736 seconds.
Begin MonoManager ReloadAssembly
Native extension for WindowsStandalone target not found
Refreshing native plugins compatible for Editor in 0.38 ms, found 1 plugins.
Preloading 1 native plugins for Editor in 0.09 ms.
Invoked RoslynAnalysisRunner static constructor.
RoslynAnalysisRunner will not be running.
RoslynAnalysisRunner has terminated.
Mono: successfully reloaded assembly
- Completed reload, in  0.819 seconds
Platform modules already initialized, skipping
Refreshing native plugins compatible for Editor in 0.39 ms, found 1 plugins.
Preloading 1 native plugins for Editor in 0.12 ms.
Unloading 1580 Unused Serialized files (Serialized files now loaded: 0)
System memory in use before: 80.3 MB.
System memory in use after: 79.9 MB.

Unloading 19 unused Assets to reduce memory usage. Loaded Objects now: 2187.
Total: 4.153600 ms (FindLiveObjects: 0.323600 ms CreateObjectMapping: 0.113200 ms MarkObjects: 2.937100 ms  DeleteObjects: 0.777500 ms)

========================================================================
Received Prepare
Registering precompiled user dll's ...
Registered in 0.003958 seconds.
Begin MonoManager ReloadAssembly
Native extension for WindowsStandalone target not found
Refreshing native plugins compatible for Editor in 0.39 ms, found 1 plugins.
Preloading 1 native plugins for Editor in 0.09 ms.
Invoked RoslynAnalysisRunner static constructor.
RoslynAnalysisRunner will not be running.
RoslynAnalysisRunner has terminated.
Mono: successfully reloaded assembly
- Completed reload, in  0.834 seconds
Platform modules already initialized, skipping
Refreshing native plugins compatible for Editor in 0.50 ms, found 1 plugins.
Preloading 1 native plugins for Editor in 0.09 ms.
Unloading 1580 Unused Serialized files (Serialized files now loaded: 0)
System memory in use before: 80.3 MB.
System memory in use after: 79.9 MB.

Unloading 19 unused Assets to reduce memory usage. Loaded Objects now: 2189.
Total: 3.607800 ms (FindLiveObjects: 0.216000 ms CreateObjectMapping: 0.059600 ms MarkObjects: 2.526200 ms  DeleteObjects: 0.803300 ms)

========================================================================
Received Prepare
Registering precompiled user dll's ...
Registered in 0.005378 seconds.
Begin MonoManager ReloadAssembly
Native extension for WindowsStandalone target not found
Refreshing native plugins compatible for Editor in 0.56 ms, found 1 plugins.
Preloading 1 native plugins for Editor in 0.18 ms.
Invoked RoslynAnalysisRunner static constructor.
RoslynAnalysisRunner will not be running.
RoslynAnalysisRunner has terminated.
Mono: successfully reloaded assembly
- Completed reload, in  0.954 seconds
Platform modules already initialized, skipping
Refreshing native plugins compatible for Editor in 0.41 ms, found 1 plugins.
Preloading 1 native plugins for Editor in 0.08 ms.
Unloading 1580 Unused Serialized files (Serialized files now loaded: 0)
System memory in use before: 80.2 MB.
System memory in use after: 79.9 MB.

Unloading 19 unused Assets to reduce memory usage. Loaded Objects now: 2191.
Total: 2.713800 ms (FindLiveObjects: 0.197900 ms CreateObjectMapping: 0.067500 ms MarkObjects: 1.824900 ms  DeleteObjects: 0.622300 ms)

========================================================================
Received Prepare
Registering precompiled user dll's ...
Registered in 0.003454 seconds.
Begin MonoManager ReloadAssembly
Native extension for WindowsStandalone target not found
Refreshing native plugins compatible for Editor in 0.64 ms, found 1 plugins.
Preloading 1 native plugins for Editor in 0.13 ms.
Invoked RoslynAnalysisRunner static constructor.
RoslynAnalysisRunner will not be running.
RoslynAnalysisRunner has terminated.
Mono: successfully reloaded assembly
- Completed reload, in  0.825 seconds
Platform modules already initialized, skipping
Refreshing native plugins compatible for Editor in 0.38 ms, found 1 plugins.
Preloading 1 native plugins for Editor in 0.09 ms.
Unloading 1580 Unused Serialized files (Serialized files now loaded: 0)
System memory in use before: 80.3 MB.
System memory in use after: 80.0 MB.

Unloading 19 unused Assets to reduce memory usage. Loaded Objects now: 2193.
Total: 2.944600 ms (FindLiveObjects: 0.279300 ms CreateObjectMapping: 0.075100 ms MarkObjects: 1.941600 ms  DeleteObjects: 0.647500 ms)

========================================================================
Received Prepare
Registering precompiled user dll's ...
Registered in 0.003759 seconds.
Begin MonoManager ReloadAssembly
Native extension for WindowsStandalone target not found
Refreshing native plugins compatible for Editor in 0.46 ms, found 1 plugins.
Preloading 1 native plugins for Editor in 0.14 ms.
Invoked RoslynAnalysisRunner static constructor.
RoslynAnalysisRunner will not be running.
RoslynAnalysisRunner has terminated.
Mono: successfully reloaded assembly
- Completed reload, in  0.981 seconds
Platform modules already initialized, skipping
Refreshing native plugins compatible for Editor in 0.42 ms, found 1 plugins.
Preloading 1 native plugins for Editor in 0.08 ms.
Unloading 1580 Unused Serialized files (Serialized files now loaded: 0)
System memory in use before: 80.2 MB.
System memory in use after: 79.8 MB.

Unloading 19 unused Assets to reduce memory usage. Loaded Objects now: 2195.
Total: 2.981200 ms (FindLiveObjects: 0.235000 ms CreateObjectMapping: 0.064000 ms MarkObjects: 2.038300 ms  DeleteObjects: 0.642900 ms)

========================================================================
Received Import Request.
  Time since last request: 3293.298474 seconds.
  path: Assets/Scripts/CurrencyManagerScript.cs
  artifactKey: Guid(a3b2f9c7027ed1244955abfef2affc1c) Importer(815301076,1909f56bfc062723c751e8b465ee728b)
Start importing Assets/Scripts/CurrencyManagerScript.cs using Guid(a3b2f9c7027ed1244955abfef2affc1c) Importer(815301076,1909f56bfc062723c751e8b465ee728b)  -> (artifact id: 'd9a56803b0f7caec4b133cd63bcd42e4') in 0.050814 seconds
  Import took 0.127548 seconds .

========================================================================
Received Import Request.
  Time since last request: 63.794138 seconds.
  path: Assets/Scenes/GamePlay.unity
  artifactKey: Guid(70cc6daf97b767547a884406fe8391d9) Importer(815301076,1909f56bfc062723c751e8b465ee728b)
Start importing Assets/Scenes/GamePlay.unity using Guid(70cc6daf97b767547a884406fe8391d9) Importer(815301076,1909f56bfc062723c751e8b465ee728b)  -> (artifact id: '84f30a99b2c8c393b443fd179a3c6b6e') in 0.020681 seconds
  Import took 0.342602 seconds .

========================================================================
Received Import Request.
  Time since last request: 65.595956 seconds.
  path: Assets/Scenes/Store Scene.unity
  artifactKey: Guid(8b9632faa3635594b9945e81fec243d9) Importer(815301076,1909f56bfc062723c751e8b465ee728b)
Start importing Assets/Scenes/Store Scene.unity using Guid(8b9632faa3635594b9945e81fec243d9) Importer(815301076,1909f56bfc062723c751e8b465ee728b)  -> (artifact id: '467f06d3d1255818e47ce5fe2774af60') in 0.004966 seconds
  Import took 0.072033 seconds .

========================================================================
Received Prepare
Registering precompiled user dll's ...
Registered in 0.003020 seconds.
Begin MonoManager ReloadAssembly
Native extension for WindowsStandalone target not found
Refreshing native plugins compatible for Editor in 0.39 ms, found 1 plugins.
Preloading 1 native plugins for Editor in 0.09 ms.
Invoked RoslynAnalysisRunner static constructor.
RoslynAnalysisRunner will not be running.
RoslynAnalysisRunner has terminated.
Mono: successfully reloaded assembly
- Completed reload, in  0.822 seconds
Platform modules already initialized, skipping
Refreshing native plugins compatible for Editor in 0.44 ms, found 1 plugins.
Preloading 1 native plugins for Editor in 0.09 ms.
Unloading 1580 Unused Serialized files (Serialized files now loaded: 0)
System memory in use before: 80.3 MB.
System memory in use after: 80.0 MB.

Unloading 19 unused Assets to reduce memory usage. Loaded Objects now: 2197.
Total: 2.933500 ms (FindLiveObjects: 0.234700 ms CreateObjectMapping: 0.078600 ms MarkObjects: 1.949900 ms  DeleteObjects: 0.668900 ms)

========================================================================
Received Prepare
Registering precompiled user dll's ...
Registered in 0.015835 seconds.
Begin MonoManager ReloadAssembly
Native extension for WindowsStandalone target not found
Refreshing native plugins compatible for Editor in 3.28 ms, found 1 plugins.
Preloading 1 native plugins for Editor in 0.91 ms.
Invoked RoslynAnalysisRunner static constructor.
RoslynAnalysisRunner will not be running.
RoslynAnalysisRunner has terminated.
Mono: successfully reloaded assembly
- Completed reload, in  3.671 seconds
Platform modules already initialized, skipping
Refreshing native plugins compatible for Editor in 1.89 ms, found 1 plugins.
Preloading 1 native plugins for Editor in 0.16 ms.
Unloading 1580 Unused Serialized files (Serialized files now loaded: 0)
System memory in use before: 80.0 MB.
System memory in use after: 79.7 MB.

Unloading 19 unused Assets to reduce memory usage. Loaded Objects now: 2199.
Total: 6.259100 ms (FindLiveObjects: 1.444400 ms CreateObjectMapping: 0.433500 ms MarkObjects: 3.177100 ms  DeleteObjects: 1.192900 ms)

========================================================================
Received Prepare
Registering precompiled user dll's ...
Registered in 0.004539 seconds.
Begin MonoManager ReloadAssembly
Native extension for WindowsStandalone target not found
Refreshing native plugins compatible for Editor in 0.64 ms, found 1 plugins.
Preloading 1 native plugins for Editor in 0.19 ms.
Invoked RoslynAnalysisRunner static constructor.
RoslynAnalysisRunner will not be running.
RoslynAnalysisRunner has terminated.
Mono: successfully reloaded assembly
- Completed reload, in  1.583 seconds
Platform modules already initialized, skipping
Refreshing native plugins compatible for Editor in 0.65 ms, found 1 plugins.
Preloading 1 native plugins for Editor in 0.22 ms.
Unloading 1580 Unused Serialized files (Serialized files now loaded: 0)
System memory in use before: 80.3 MB.
System memory in use after: 80.0 MB.

Unloading 19 unused Assets to reduce memory usage. Loaded Objects now: 2201.
Total: 4.520400 ms (FindLiveObjects: 0.440900 ms CreateObjectMapping: 0.475800 ms MarkObjects: 2.708200 ms  DeleteObjects: 0.893300 ms)

========================================================================
Received Prepare
Registering precompiled user dll's ...
Registered in 0.004655 seconds.
Begin MonoManager ReloadAssembly
Native extension for WindowsStandalone target not found
Refreshing native plugins compatible for Editor in 0.36 ms, found 1 plugins.
Preloading 1 native plugins for Editor in 0.08 ms.
Invoked RoslynAnalysisRunner static constructor.
RoslynAnalysisRunner will not be running.
RoslynAnalysisRunner has terminated.
Mono: successfully reloaded assembly
- Completed reload, in  0.851 seconds
Platform modules already initialized, skipping
Refreshing native plugins compatible for Editor in 0.39 ms, found 1 plugins.
Preloading 1 native plugins for Editor in 0.07 ms.
Unloading 1580 Unused Serialized files (Serialized files now loaded: 0)
System memory in use before: 80.0 MB.
System memory in use after: 79.7 MB.

Unloading 19 unused Assets to reduce memory usage. Loaded Objects now: 2203.
Total: 2.885600 ms (FindLiveObjects: 0.298300 ms CreateObjectMapping: 0.062400 ms MarkObjects: 1.959900 ms  DeleteObjects: 0.563800 ms)

========================================================================
Received Prepare
Registering precompiled user dll's ...
Registered in 0.002923 seconds.
Begin MonoManager ReloadAssembly
Native extension for WindowsStandalone target not found
Refreshing native plugins compatible for Editor in 0.62 ms, found 1 plugins.
Preloading 1 native plugins for Editor in 0.15 ms.
Invoked RoslynAnalysisRunner static constructor.
RoslynAnalysisRunner will not be running.
RoslynAnalysisRunner has terminated.
Mono: successfully reloaded assembly
- Completed reload, in  0.851 seconds
Platform modules already initialized, skipping
Refreshing native plugins compatible for Editor in 0.58 ms, found 1 plugins.
Preloading 1 native plugins for Editor in 0.13 ms.
Unloading 1580 Unused Serialized files (Serialized files now loaded: 0)
System memory in use before: 80.3 MB.
System memory in use after: 80.0 MB.

Unloading 19 unused Assets to reduce memory usage. Loaded Objects now: 2205.
Total: 3.052200 ms (FindLiveObjects: 0.278200 ms CreateObjectMapping: 0.062300 ms MarkObjects: 2.019100 ms  DeleteObjects: 0.690700 ms)

========================================================================
Received Prepare
Registering precompiled user dll's ...
Registered in 0.014134 seconds.
Begin MonoManager ReloadAssembly
Native extension for WindowsStandalone target not found
Refreshing native plugins compatible for Editor in 0.58 ms, found 1 plugins.
Preloading 1 native plugins for Editor in 0.16 ms.
Invoked RoslynAnalysisRunner static constructor.
RoslynAnalysisRunner will not be running.
RoslynAnalysisRunner has terminated.
Mono: successfully reloaded assembly
- Completed reload, in  2.497 seconds
Platform modules already initialized, skipping
Refreshing native plugins compatible for Editor in 2.02 ms, found 1 plugins.
Preloading 1 native plugins for Editor in 0.53 ms.
Unloading 1580 Unused Serialized files (Serialized files now loaded: 0)
System memory in use before: 80.0 MB.
System memory in use after: 79.6 MB.

Unloading 19 unused Assets to reduce memory usage. Loaded Objects now: 2207.
Total: 6.163700 ms (FindLiveObjects: 0.599800 ms CreateObjectMapping: 0.180900 ms MarkObjects: 4.305400 ms  DeleteObjects: 1.074100 ms)

========================================================================
Received Import Request.
  Time since last request: 1406.283183 seconds.
  path: Assets/Assets/darkdna.png
  artifactKey: Guid(b99728abbd9f3a9468bad27bd977e2b2) Importer(815301076,1909f56bfc062723c751e8b465ee728b)
Start importing Assets/Assets/darkdna.png using Guid(b99728abbd9f3a9468bad27bd977e2b2) Importer(815301076,1909f56bfc062723c751e8b465ee728b)  -> (artifact id: '626645c377efa55d8e4fa28d921fdbfc') in 0.444168 seconds
  Import took 0.496896 seconds .

========================================================================
Received Import Request.
  Time since last request: 0.005632 seconds.
  path: Assets/Assets/darkdna.png
  artifactKey: Guid(b99728abbd9f3a9468bad27bd977e2b2) Importer(815301076,1909f56bfc062723c751e8b465ee728b)
Start importing Assets/Assets/darkdna.png using Guid(b99728abbd9f3a9468bad27bd977e2b2) Importer(815301076,1909f56bfc062723c751e8b465ee728b)  -> (artifact id: '626645c377efa55d8e4fa28d921fdbfc') in 0.023400 seconds
  Import took 0.027141 seconds .

========================================================================
Received Prepare
Registering precompiled user dll's ...
Registered in 0.013806 seconds.
Begin MonoManager ReloadAssembly
Native extension for WindowsStandalone target not found
Refreshing native plugins compatible for Editor in 1.00 ms, found 1 plugins.
Preloading 1 native plugins for Editor in 0.20 ms.
Invoked RoslynAnalysisRunner static constructor.
RoslynAnalysisRunner will not be running.
RoslynAnalysisRunner has terminated.
Mono: successfully reloaded assembly
- Completed reload, in  5.345 seconds
Platform modules already initialized, skipping
Refreshing native plugins compatible for Editor in 0.43 ms, found 1 plugins.
Preloading 1 native plugins for Editor in 0.08 ms.
Unloading 1580 Unused Serialized files (Serialized files now loaded: 0)
System memory in use before: 80.4 MB.
System memory in use after: 80.0 MB.

Unloading 19 unused Assets to reduce memory usage. Loaded Objects now: 2211.
Total: 2.941300 ms (FindLiveObjects: 0.299600 ms CreateObjectMapping: 0.114800 ms MarkObjects: 1.894400 ms  DeleteObjects: 0.631000 ms)

========================================================================
Received Prepare
Registering precompiled user dll's ...
Registered in 0.006172 seconds.
Begin MonoManager ReloadAssembly
Native extension for WindowsStandalone target not found
Refreshing native plugins compatible for Editor in 0.75 ms, found 1 plugins.
Preloading 1 native plugins for Editor in 0.33 ms.
Invoked RoslynAnalysisRunner static constructor.
RoslynAnalysisRunner will not be running.
RoslynAnalysisRunner has terminated.
Mono: successfully reloaded assembly
- Completed reload, in  4.223 seconds
Platform modules already initialized, skipping
Refreshing native plugins compatible for Editor in 0.39 ms, found 1 plugins.
Preloading 1 native plugins for Editor in 0.09 ms.
Unloading 1580 Unused Serialized files (Serialized files now loaded: 0)
System memory in use before: 79.9 MB.
System memory in use after: 79.6 MB.

Unloading 19 unused Assets to reduce memory usage. Loaded Objects now: 2213.
Total: 2.868000 ms (FindLiveObjects: 0.257100 ms CreateObjectMapping: 0.117700 ms MarkObjects: 1.867100 ms  DeleteObjects: 0.624900 ms)

========================================================================
Received Prepare
Registering precompiled user dll's ...
Registered in 0.007535 seconds.
Begin MonoManager ReloadAssembly
Native extension for WindowsStandalone target not found
Refreshing native plugins compatible for Editor in 0.65 ms, found 1 plugins.
Preloading 1 native plugins for Editor in 0.25 ms.
Invoked RoslynAnalysisRunner static constructor.
RoslynAnalysisRunner will not be running.
RoslynAnalysisRunner has terminated.
Mono: successfully reloaded assembly
- Completed reload, in  4.124 seconds
Platform modules already initialized, skipping
Refreshing native plugins compatible for Editor in 2.38 ms, found 1 plugins.
Preloading 1 native plugins for Editor in 0.26 ms.
Unloading 1580 Unused Serialized files (Serialized files now loaded: 0)
System memory in use before: 80.4 MB.
System memory in use after: 80.0 MB.

Unloading 19 unused Assets to reduce memory usage. Loaded Objects now: 2215.
Total: 12.195100 ms (FindLiveObjects: 0.387200 ms CreateObjectMapping: 0.147400 ms MarkObjects: 8.802000 ms  DeleteObjects: 2.855500 ms)

========================================================================
Received Prepare
Registering precompiled user dll's ...
Registered in 0.003080 seconds.
Begin MonoManager ReloadAssembly
Native extension for WindowsStandalone target not found
Refreshing native plugins compatible for Editor in 0.41 ms, found 1 plugins.
Preloading 1 native plugins for Editor in 0.10 ms.
Invoked RoslynAnalysisRunner static constructor.
RoslynAnalysisRunner will not be running.
RoslynAnalysisRunner has terminated.
Mono: successfully reloaded assembly
- Completed reload, in  0.841 seconds
Platform modules already initialized, skipping
Refreshing native plugins compatible for Editor in 0.46 ms, found 1 plugins.
Preloading 1 native plugins for Editor in 0.09 ms.
Unloading 1580 Unused Serialized files (Serialized files now loaded: 0)
System memory in use before: 79.8 MB.
System memory in use after: 79.5 MB.

Unloading 19 unused Assets to reduce memory usage. Loaded Objects now: 2217.
Total: 3.214300 ms (FindLiveObjects: 0.209000 ms CreateObjectMapping: 0.063600 ms MarkObjects: 2.165200 ms  DeleteObjects: 0.774400 ms)

========================================================================
Received Prepare
Registering precompiled user dll's ...
Registered in 0.017586 seconds.
Begin MonoManager ReloadAssembly
Native extension for WindowsStandalone target not found
Refreshing native plugins compatible for Editor in 0.39 ms, found 1 plugins.
Preloading 1 native plugins for Editor in 0.09 ms.
Invoked RoslynAnalysisRunner static constructor.
RoslynAnalysisRunner will not be running.
RoslynAnalysisRunner has terminated.
Mono: successfully reloaded assembly
- Completed reload, in  0.895 seconds
Platform modules already initialized, skipping
Refreshing native plugins compatible for Editor in 0.37 ms, found 1 plugins.
Preloading 1 native plugins for Editor in 0.08 ms.
Unloading 1580 Unused Serialized files (Serialized files now loaded: 0)
System memory in use before: 80.3 MB.
System memory in use after: 80.0 MB.

Unloading 19 unused Assets to reduce memory usage. Loaded Objects now: 2219.
Total: 2.788400 ms (FindLiveObjects: 0.354600 ms CreateObjectMapping: 0.105300 ms MarkObjects: 1.751100 ms  DeleteObjects: 0.576600 ms)

========================================================================
Received Prepare
Registering precompiled user dll's ...
Registered in 0.018283 seconds.
Begin MonoManager ReloadAssembly
Native extension for WindowsStandalone target not found
Refreshing native plugins compatible for Editor in 0.36 ms, found 1 plugins.
Preloading 1 native plugins for Editor in 0.10 ms.
Invoked RoslynAnalysisRunner static constructor.
RoslynAnalysisRunner will not be running.
RoslynAnalysisRunner has terminated.
Mono: successfully reloaded assembly
- Completed reload, in  0.908 seconds
Platform modules already initialized, skipping
Refreshing native plugins compatible for Editor in 0.37 ms, found 1 plugins.
Preloading 1 native plugins for Editor in 0.07 ms.
Unloading 1580 Unused Serialized files (Serialized files now loaded: 0)
System memory in use before: 80.4 MB.
System memory in use after: 80.0 MB.

Unloading 19 unused Assets to reduce memory usage. Loaded Objects now: 2221.
Total: 2.667000 ms (FindLiveObjects: 0.219600 ms CreateObjectMapping: 0.073700 ms MarkObjects: 1.786600 ms  DeleteObjects: 0.586100 ms)

========================================================================
Received Prepare
Registering precompiled user dll's ...
Registered in 0.002663 seconds.
Begin MonoManager ReloadAssembly
Native extension for WindowsStandalone target not found
Refreshing native plugins compatible for Editor in 0.34 ms, found 1 plugins.
Preloading 1 native plugins for Editor in 0.09 ms.
Invoked RoslynAnalysisRunner static constructor.
RoslynAnalysisRunner will not be running.
RoslynAnalysisRunner has terminated.
Mono: successfully reloaded assembly
- Completed reload, in  1.507 seconds
Platform modules already initialized, skipping
Refreshing native plugins compatible for Editor in 0.48 ms, found 1 plugins.
Preloading 1 native plugins for Editor in 0.13 ms.
Unloading 1543 Unused Serialized files (Serialized files now loaded: 0)
System memory in use before: 79.3 MB.
System memory in use after: 79.0 MB.

Unloading 37 unused Assets to reduce memory usage. Loaded Objects now: 2197.
Total: 3.018200 ms (FindLiveObjects: 0.237700 ms CreateObjectMapping: 0.071200 ms MarkObjects: 1.995100 ms  DeleteObjects: 0.713000 ms)

========================================================================
Received Prepare
Registering precompiled user dll's ...
Registered in 0.003257 seconds.
Begin MonoManager ReloadAssembly
Native extension for WindowsStandalone target not found
Refreshing native plugins compatible for Editor in 0.34 ms, found 1 plugins.
Preloading 1 native plugins for Editor in 0.10 ms.
Invoked RoslynAnalysisRunner static constructor.
RoslynAnalysisRunner will not be running.
RoslynAnalysisRunner has terminated.
Mono: successfully reloaded assembly
- Completed reload, in  0.880 seconds
Platform modules already initialized, skipping
Refreshing native plugins compatible for Editor in 0.46 ms, found 1 plugins.
Preloading 1 native plugins for Editor in 0.09 ms.
Unloading 1543 Unused Serialized files (Serialized files now loaded: 0)
System memory in use before: 79.3 MB.
System memory in use after: 78.9 MB.

Unloading 11 unused Assets to reduce memory usage. Loaded Objects now: 2199.
Total: 2.693400 ms (FindLiveObjects: 0.210800 ms CreateObjectMapping: 0.079000 ms MarkObjects: 1.771800 ms  DeleteObjects: 0.630700 ms)

