Using pre-set license
Built from '2020.2/release' branch; Version is '2020.2.1f1 (270dd8c3da1c) revision 2559448'; Using compiler version '192528614'; Build Type 'Release'
OS: 'Windows 10  (10.0.0) 64bit' Language: 'en' Physical Memory: 8006 MB
BatchMode: 1, IsHumanControllingUs: 0, StartBugReporterOnCrash: 0, Is64bit: 1, IsPro: 0

 COMMAND LINE ARGUMENTS:
C:\Program Files\Unity\Hub\Editor\2020.2.1f1\Editor\Unity.exe
-adb2
-batchMode
-noUpm
-name
AssetImportWorker3
-projectPath
C:/Users/shiva/Downloads/Hackathons/HackDemonium
-logFile
Logs/AssetImportWorker3.log
-srvPort
50226
Successfully changed project path to: C:/Users/shiva/Downloads/Hackathons/HackDemonium
C:/Users/shiva/Downloads/Hackathons/HackDemonium
Using Asset Import Pipeline V2.
Refreshing native plugins compatible for Editor in 34.07 ms, found 1 plugins.
Preloading 1 native plugins for Editor in 0.76 ms.
Initialize engine version: 2020.2.1f1 (270dd8c3da1c)
[Subsystems] Discovering subsystems at path C:/Program Files/Unity/Hub/Editor/2020.2.1f1/Editor/Data/Resources/UnitySubsystems
[Subsystems] Discovering subsystems at path C:/Users/shiva/Downloads/Hackathons/HackDemonium/Assets
GfxDevice: creating device client; threaded=0
Direct3D:
    Version:  Direct3D 11.0 [level 11.1]
    Renderer: Intel(R) UHD Graphics 620 (ID=0x3ea0)
    Vendor:   
    VRAM:     4003 MB
    Driver:   26.20.100.7810
Initialize mono
Mono path[0] = 'C:/Program Files/Unity/Hub/Editor/2020.2.1f1/Editor/Data/Managed'
Mono path[1] = 'C:/Program Files/Unity/Hub/Editor/2020.2.1f1/Editor/Data/MonoBleedingEdge/lib/mono/unityjit'
Mono config path = 'C:/Program Files/Unity/Hub/Editor/2020.2.1f1/Editor/Data/MonoBleedingEdge/etc'
Using monoOptions --debugger-agent=transport=dt_socket,embedding=1,server=y,suspend=n,address=127.0.0.1:56940
Begin MonoManager ReloadAssembly
Registering precompiled unity dll's ...
Register platform support module: C:/Program Files/Unity/Hub/Editor/2020.2.1f1/Editor/Data/PlaybackEngines/WindowsStandaloneSupport/UnityEditor.WindowsStandalone.Extensions.dll
Registered in 0.004722 seconds.
Native extension for WindowsStandalone target not found
Refreshing native plugins compatible for Editor in 31.35 ms, found 1 plugins.
Preloading 1 native plugins for Editor in 0.16 ms.
Invoked RoslynAnalysisRunner static constructor.
RoslynAnalysisRunner will not be running.
RoslynAnalysisRunner has terminated.
Mono: successfully reloaded assembly
- Completed reload, in  2.687 seconds
Platform modules already initialized, skipping
Registering precompiled user dll's ...
Registered in 0.002873 seconds.
Begin MonoManager ReloadAssembly
Native extension for WindowsStandalone target not found
Refreshing native plugins compatible for Editor in 32.75 ms, found 1 plugins.
Preloading 1 native plugins for Editor in 0.09 ms.
Invoked RoslynAnalysisRunner static constructor.
RoslynAnalysisRunner will not be running.
RoslynAnalysisRunner has terminated.
Mono: successfully reloaded assembly
- Completed reload, in  1.092 seconds
Platform modules already initialized, skipping
========================================================================
Worker process is ready to serve import requests
Launched and connected shader compiler UnityShaderCompiler.exe after 0.33 seconds
Refreshing native plugins compatible for Editor in 0.61 ms, found 1 plugins.
Preloading 1 native plugins for Editor in 0.20 ms.
Unloading 1571 Unused Serialized files (Serialized files now loaded: 0)
System memory in use before: 75.6 MB.
System memory in use after: 75.3 MB.

Unloading 16 unused Assets to reduce memory usage. Loaded Objects now: 2008.
Total: 4.348300 ms (FindLiveObjects: 0.310100 ms CreateObjectMapping: 0.102100 ms MarkObjects: 2.906300 ms  DeleteObjects: 1.026400 ms)

========================================================================
Received Import Request.
  path: Assets/echoAR/Libraries
  artifactKey: Guid(617564a28eda04c4698a2c3f1fa89dcb) Importer(815301076,1909f56bfc062723c751e8b465ee728b)
Start importing Assets/echoAR/Libraries using Guid(617564a28eda04c4698a2c3f1fa89dcb) Importer(815301076,1909f56bfc062723c751e8b465ee728b)  -> (artifact id: '09054d8c02f37f2eb9fa3f83f57b8fd5') in 0.069764 seconds
  Import took 0.121749 seconds .

========================================================================
Received Import Request.
  Time since last request: 0.001140 seconds.
  path: Assets/Assets/gameOver.png
  artifactKey: Guid(4ae503616e6d92148925f959b321671f) Importer(815301076,1909f56bfc062723c751e8b465ee728b)
Start importing Assets/Assets/gameOver.png using Guid(4ae503616e6d92148925f959b321671f) Importer(815301076,1909f56bfc062723c751e8b465ee728b)  -> (artifact id: '9ec5ea6fe501ba26447c63486009d01e') in 0.792024 seconds
  Import took 0.843705 seconds .

========================================================================
Received Import Request.
  Time since last request: 0.000619 seconds.
  path: Assets/Assets/logo.png
  artifactKey: Guid(8c4ca6df3244f714abc34e397067600b) Importer(815301076,1909f56bfc062723c751e8b465ee728b)
Start importing Assets/Assets/logo.png using Guid(8c4ca6df3244f714abc34e397067600b) Importer(815301076,1909f56bfc062723c751e8b465ee728b)  -> (artifact id: '70b0c18b16ab7df16c5ce7089e618ddf') in 0.052987 seconds
  Import took 0.072719 seconds .

========================================================================
Received Import Request.
  Time since last request: 0.000599 seconds.
  path: Assets/echoAR
  artifactKey: Guid(d698d8a06c531dc47ae04023eb4a1a58) Importer(815301076,1909f56bfc062723c751e8b465ee728b)
Start importing Assets/echoAR using Guid(d698d8a06c531dc47ae04023eb4a1a58) Importer(815301076,1909f56bfc062723c751e8b465ee728b)  -> (artifact id: 'f05cd7a7c311a2248a0386996fa80857') in 0.007452 seconds
  Import took 0.037702 seconds .

AssetImportWorkerClient::OnTransportError - code=2 error=End of file
